2022-03-14 16:49:54,047 [Worker-3: Loading available Gradle versions] INFO  o.e.b.c.i.u.g.PublishedGradleVersions - Gradle version information cache is up-to-date. Trying to read.
2022-03-14 16:50:58,060 [Worker-5: Loading available Gradle versions] INFO  o.e.b.c.i.u.g.PublishedGradleVersions - Gradle version information cache is up-to-date. Trying to read.
2022-03-14 16:52:04,053 [Worker-3: Importing Maven projects] INFO  o.e.m.c.i.l.LifecycleMappingFactory - Using org.eclipse.m2e.jdt.JarLifecycleMapping lifecycle mapping for MavenProject: com.backend:agencia:0.0.1-SNAPSHOT @ C:\Trabalho\React + Spring\Backend\agencia\pom.xml.
2022-03-14 16:52:07,565 [Worker-3: Importing Maven projects] INFO  o.e.m.j.i.AbstractJavaProjectConfigurator - Adding source folder /agencia/src/main/java
2022-03-14 16:52:07,566 [Worker-3: Importing Maven projects] INFO  o.e.m.j.i.AbstractJavaProjectConfigurator - Adding resource folder /agencia/src/main/resources
2022-03-14 16:52:07,586 [Worker-3: Importing Maven projects] INFO  o.e.m.j.i.AbstractJavaProjectConfigurator - Adding resource folder /agencia/src/main/resources
2022-03-14 16:52:07,607 [Worker-3: Importing Maven projects] INFO  o.e.m.j.i.AbstractJavaProjectConfigurator - Adding source folder /agencia/src/test/java
2022-03-14 16:52:09,979 [Worker-3: Importing Maven projects] INFO  o.e.m.c.i.p.ProjectConfigurationManager - Imported and configured 1 project(s) in 9 sec
2022-03-14 16:52:12,921 [Worker-6: Building] INFO  o.e.m.c.i.embedder.EclipseLogger - Using 'UTF-8' encoding to copy filtered resources.
2022-03-14 16:52:12,922 [Worker-6: Building] INFO  o.e.m.c.i.embedder.EclipseLogger - Using 'UTF-8' encoding to copy filtered properties files.
2022-03-14 16:52:12,928 [Worker-6: Building] INFO  o.e.m.c.i.embedder.EclipseLogger - Copying 1 resource
2022-03-14 16:52:12,957 [Worker-6: Building] INFO  o.e.m.c.i.embedder.EclipseLogger - Copying 0 resource
2022-03-14 16:52:12,962 [Worker-6: Building] INFO  o.e.m.c.i.embedder.EclipseLogger - Using 'UTF-8' encoding to copy filtered resources.
2022-03-14 16:52:12,963 [Worker-6: Building] INFO  o.e.m.c.i.embedder.EclipseLogger - Using 'UTF-8' encoding to copy filtered properties files.
2022-03-14 16:52:12,963 [Worker-6: Building] INFO  o.e.m.c.i.embedder.EclipseLogger - skip non existing resourceDirectory C:\Trabalho\React + Spring\Backend\agencia\src\test\resources
2022-03-14 16:52:45,756 [Worker-0: Importing Maven projects] INFO  o.e.m.c.i.l.LifecycleMappingFactory - Using org.eclipse.m2e.jdt.JarLifecycleMapping lifecycle mapping for MavenProject: com.site.bookstore:bookstore:0.0.1-SNAPSHOT @ C:\Trabalho\React + Spring\Backend\bookstore\pom.xml.
2022-03-14 16:52:47,207 [Worker-0: Importing Maven projects] INFO  o.e.m.j.i.AbstractJavaProjectConfigurator - Adding source folder /bookstore/src/main/java
2022-03-14 16:52:47,208 [Worker-0: Importing Maven projects] INFO  o.e.m.j.i.AbstractJavaProjectConfigurator - Adding resource folder /bookstore/src/main/resources
2022-03-14 16:52:47,209 [Worker-0: Importing Maven projects] INFO  o.e.m.j.i.AbstractJavaProjectConfigurator - Adding resource folder /bookstore/src/main/resources
2022-03-14 16:52:47,212 [Worker-0: Importing Maven projects] INFO  o.e.m.j.i.AbstractJavaProjectConfigurator - Adding source folder /bookstore/src/test/java
2022-03-14 16:52:48,562 [Worker-0: Importing Maven projects] INFO  o.e.m.c.i.p.ProjectConfigurationManager - Imported and configured 1 project(s) in 3 sec
2022-03-14 16:52:51,809 [Worker-2: Building] INFO  o.e.m.c.i.embedder.EclipseLogger - Using 'UTF-8' encoding to copy filtered resources.
2022-03-14 16:52:51,810 [Worker-2: Building] INFO  o.e.m.c.i.embedder.EclipseLogger - Using 'UTF-8' encoding to copy filtered properties files.
2022-03-14 16:52:51,812 [Worker-2: Building] INFO  o.e.m.c.i.embedder.EclipseLogger - Copying 1 resource
2022-03-14 16:52:51,820 [Worker-2: Building] INFO  o.e.m.c.i.embedder.EclipseLogger - Copying 0 resource
2022-03-14 16:52:51,827 [Worker-2: Building] INFO  o.e.m.c.i.embedder.EclipseLogger - Using 'UTF-8' encoding to copy filtered resources.
2022-03-14 16:52:51,827 [Worker-2: Building] INFO  o.e.m.c.i.embedder.EclipseLogger - Using 'UTF-8' encoding to copy filtered properties files.
2022-03-14 16:52:51,827 [Worker-2: Building] INFO  o.e.m.c.i.embedder.EclipseLogger - skip non existing resourceDirectory C:\Trabalho\React + Spring\Backend\bookstore\src\test\resources
2022-03-14 16:53:39,360 [Worker-11: Building] INFO  o.e.m.c.i.embedder.EclipseLogger - Using 'UTF-8' encoding to copy filtered resources.
2022-03-14 16:53:39,361 [Worker-11: Building] INFO  o.e.m.c.i.embedder.EclipseLogger - Using 'UTF-8' encoding to copy filtered properties files.
2022-03-14 16:53:39,369 [Worker-11: Building] INFO  o.e.m.c.i.embedder.EclipseLogger - Copying 1 resource
2022-03-14 16:53:39,380 [Worker-11: Building] INFO  o.e.m.c.i.embedder.EclipseLogger - Copying 0 resource
2022-03-14 16:53:39,387 [Worker-11: Building] INFO  o.e.m.c.i.embedder.EclipseLogger - Using 'UTF-8' encoding to copy filtered resources.
2022-03-14 16:53:39,387 [Worker-11: Building] INFO  o.e.m.c.i.embedder.EclipseLogger - Using 'UTF-8' encoding to copy filtered properties files.
2022-03-14 16:53:39,388 [Worker-11: Building] INFO  o.e.m.c.i.embedder.EclipseLogger - skip non existing resourceDirectory C:\Trabalho\React + Spring\Backend\agencia\src\test\resources
2022-03-14 16:53:57,684 [Worker-10: Building] INFO  o.e.m.c.i.embedder.EclipseLogger - Using 'UTF-8' encoding to copy filtered resources.
2022-03-14 16:53:57,684 [Worker-10: Building] INFO  o.e.m.c.i.embedder.EclipseLogger - Using 'UTF-8' encoding to copy filtered properties files.
2022-03-14 16:53:57,687 [Worker-10: Building] INFO  o.e.m.c.i.embedder.EclipseLogger - Copying 1 resource
2022-03-14 16:53:57,696 [Worker-10: Building] INFO  o.e.m.c.i.embedder.EclipseLogger - Copying 0 resource
2022-03-14 16:53:57,705 [Worker-10: Building] INFO  o.e.m.c.i.embedder.EclipseLogger - Using 'UTF-8' encoding to copy filtered resources.
2022-03-14 16:53:57,706 [Worker-10: Building] INFO  o.e.m.c.i.embedder.EclipseLogger - Using 'UTF-8' encoding to copy filtered properties files.
2022-03-14 16:53:57,706 [Worker-10: Building] INFO  o.e.m.c.i.embedder.EclipseLogger - skip non existing resourceDirectory C:\Trabalho\React + Spring\Backend\agencia\src\test\resources
2022-03-14 16:53:58,795 [Worker-2: Building] INFO  o.e.m.c.i.embedder.EclipseLogger - Using 'UTF-8' encoding to copy filtered resources.
2022-03-14 16:53:58,798 [Worker-2: Building] INFO  o.e.m.c.i.embedder.EclipseLogger - Using 'UTF-8' encoding to copy filtered properties files.
2022-03-14 16:53:58,798 [Worker-2: Building] INFO  o.e.m.c.i.embedder.EclipseLogger - Copying 0 resource
2022-03-14 16:53:58,799 [Worker-2: Building] INFO  o.e.m.c.i.embedder.EclipseLogger - Copying 0 resource
2022-03-14 16:53:58,803 [Worker-2: Building] INFO  o.e.m.c.i.embedder.EclipseLogger - Using 'UTF-8' encoding to copy filtered resources.
2022-03-14 16:53:58,803 [Worker-2: Building] INFO  o.e.m.c.i.embedder.EclipseLogger - Using 'UTF-8' encoding to copy filtered properties files.
2022-03-14 16:53:58,804 [Worker-2: Building] INFO  o.e.m.c.i.embedder.EclipseLogger - skip non existing resourceDirectory C:\Trabalho\React + Spring\Backend\agencia\src\test\resources
2022-03-14 16:53:58,870 [Worker-2: Building] INFO  o.e.m.c.i.embedder.EclipseLogger - Using 'UTF-8' encoding to copy filtered resources.
2022-03-14 16:53:58,870 [Worker-2: Building] INFO  o.e.m.c.i.embedder.EclipseLogger - Using 'UTF-8' encoding to copy filtered properties files.
2022-03-14 16:53:58,871 [Worker-2: Building] INFO  o.e.m.c.i.embedder.EclipseLogger - Copying 0 resource
2022-03-14 16:53:58,871 [Worker-2: Building] INFO  o.e.m.c.i.embedder.EclipseLogger - Copying 0 resource
2022-03-14 16:53:58,876 [Worker-2: Building] INFO  o.e.m.c.i.embedder.EclipseLogger - Using 'UTF-8' encoding to copy filtered resources.
2022-03-14 16:53:58,876 [Worker-2: Building] INFO  o.e.m.c.i.embedder.EclipseLogger - Using 'UTF-8' encoding to copy filtered properties files.
2022-03-14 16:53:58,876 [Worker-2: Building] INFO  o.e.m.c.i.embedder.EclipseLogger - skip non existing resourceDirectory C:\Trabalho\React + Spring\Backend\bookstore\src\test\resources
2022-03-14 16:55:08,026 [Worker-7: Building] INFO  o.e.m.c.i.embedder.EclipseLogger - Using 'UTF-8' encoding to copy filtered resources.
2022-03-14 16:55:08,028 [Worker-7: Building] INFO  o.e.m.c.i.embedder.EclipseLogger - Using 'UTF-8' encoding to copy filtered properties files.
2022-03-14 16:55:08,031 [Worker-7: Building] INFO  o.e.m.c.i.embedder.EclipseLogger - Copying 1 resource
2022-03-14 16:55:08,077 [Worker-7: Building] INFO  o.e.m.c.i.embedder.EclipseLogger - Copying 0 resource
2022-03-14 16:55:08,083 [Worker-7: Building] INFO  o.e.m.c.i.embedder.EclipseLogger - Using 'UTF-8' encoding to copy filtered resources.
2022-03-14 16:55:08,083 [Worker-7: Building] INFO  o.e.m.c.i.embedder.EclipseLogger - Using 'UTF-8' encoding to copy filtered properties files.
2022-03-14 16:55:08,083 [Worker-7: Building] INFO  o.e.m.c.i.embedder.EclipseLogger - skip non existing resourceDirectory C:\Trabalho\React + Spring\Backend\agencia\src\test\resources
2022-03-14 16:55:42,124 [Worker-3: Building] INFO  o.e.m.c.i.embedder.EclipseLogger - Using 'UTF-8' encoding to copy filtered resources.
2022-03-14 16:55:42,125 [Worker-3: Building] INFO  o.e.m.c.i.embedder.EclipseLogger - Using 'UTF-8' encoding to copy filtered properties files.
2022-03-14 16:55:42,128 [Worker-3: Building] INFO  o.e.m.c.i.embedder.EclipseLogger - Copying 1 resource
2022-03-14 16:55:42,142 [Worker-3: Building] INFO  o.e.m.c.i.embedder.EclipseLogger - Copying 0 resource
2022-03-14 16:55:42,156 [Worker-3: Building] INFO  o.e.m.c.i.embedder.EclipseLogger - Using 'UTF-8' encoding to copy filtered resources.
2022-03-14 16:55:42,156 [Worker-3: Building] INFO  o.e.m.c.i.embedder.EclipseLogger - Using 'UTF-8' encoding to copy filtered properties files.
2022-03-14 16:55:42,181 [Worker-3: Building] INFO  o.e.m.c.i.embedder.EclipseLogger - skip non existing resourceDirectory C:\Trabalho\React + Spring\Backend\agencia\src\test\resources
2022-03-14 16:55:53,076 [Worker-1: Building] INFO  o.e.m.c.i.embedder.EclipseLogger - Using 'UTF-8' encoding to copy filtered resources.
2022-03-14 16:55:53,077 [Worker-1: Building] INFO  o.e.m.c.i.embedder.EclipseLogger - Using 'UTF-8' encoding to copy filtered properties files.
2022-03-14 16:55:53,079 [Worker-1: Building] INFO  o.e.m.c.i.embedder.EclipseLogger - Copying 1 resource
2022-03-14 16:55:53,092 [Worker-1: Building] INFO  o.e.m.c.i.embedder.EclipseLogger - Copying 0 resource
2022-03-14 16:55:53,097 [Worker-1: Building] INFO  o.e.m.c.i.embedder.EclipseLogger - Using 'UTF-8' encoding to copy filtered resources.
2022-03-14 16:55:53,097 [Worker-1: Building] INFO  o.e.m.c.i.embedder.EclipseLogger - Using 'UTF-8' encoding to copy filtered properties files.
2022-03-14 16:55:53,097 [Worker-1: Building] INFO  o.e.m.c.i.embedder.EclipseLogger - skip non existing resourceDirectory C:\Trabalho\React + Spring\Backend\agencia\src\test\resources
2022-03-14 17:06:48,251 [Worker-7: Building] INFO  o.e.m.c.i.embedder.EclipseLogger - Using 'UTF-8' encoding to copy filtered resources.
2022-03-14 17:06:48,260 [Worker-7: Building] INFO  o.e.m.c.i.embedder.EclipseLogger - Using 'UTF-8' encoding to copy filtered properties files.
2022-03-14 17:06:48,264 [Worker-7: Building] INFO  o.e.m.c.i.embedder.EclipseLogger - Copying 1 resource
2022-03-14 17:06:48,328 [Worker-7: Building] INFO  o.e.m.c.i.embedder.EclipseLogger - Copying 0 resource
2022-03-14 17:06:48,343 [Worker-7: Building] INFO  o.e.m.c.i.embedder.EclipseLogger - Using 'UTF-8' encoding to copy filtered resources.
2022-03-14 17:06:48,343 [Worker-7: Building] INFO  o.e.m.c.i.embedder.EclipseLogger - Using 'UTF-8' encoding to copy filtered properties files.
2022-03-14 17:06:48,343 [Worker-7: Building] INFO  o.e.m.c.i.embedder.EclipseLogger - skip non existing resourceDirectory C:\Trabalho\React + Spring\Backend\agencia\src\test\resources
2022-03-14 17:07:12,148 [Worker-17: Building] INFO  o.e.m.c.i.embedder.EclipseLogger - Using 'UTF-8' encoding to copy filtered resources.
2022-03-14 17:07:12,149 [Worker-17: Building] INFO  o.e.m.c.i.embedder.EclipseLogger - Using 'UTF-8' encoding to copy filtered properties files.
2022-03-14 17:07:12,151 [Worker-17: Building] INFO  o.e.m.c.i.embedder.EclipseLogger - Copying 1 resource
2022-03-14 17:07:12,161 [Worker-17: Building] INFO  o.e.m.c.i.embedder.EclipseLogger - Copying 0 resource
2022-03-14 17:07:12,165 [Worker-17: Building] INFO  o.e.m.c.i.embedder.EclipseLogger - Using 'UTF-8' encoding to copy filtered resources.
2022-03-14 17:07:12,166 [Worker-17: Building] INFO  o.e.m.c.i.embedder.EclipseLogger - Using 'UTF-8' encoding to copy filtered properties files.
2022-03-14 17:07:12,166 [Worker-17: Building] INFO  o.e.m.c.i.embedder.EclipseLogger - skip non existing resourceDirectory C:\Trabalho\React + Spring\Backend\agencia\src\test\resources
2022-03-14 17:08:40,379 [Worker-16: Building] INFO  o.e.m.c.i.embedder.EclipseLogger - Using 'UTF-8' encoding to copy filtered resources.
2022-03-14 17:08:40,380 [Worker-16: Building] INFO  o.e.m.c.i.embedder.EclipseLogger - Using 'UTF-8' encoding to copy filtered properties files.
2022-03-14 17:08:40,381 [Worker-16: Building] INFO  o.e.m.c.i.embedder.EclipseLogger - Copying 1 resource
2022-03-14 17:08:40,430 [Worker-16: Building] INFO  o.e.m.c.i.embedder.EclipseLogger - Copying 0 resource
2022-03-14 17:08:40,434 [Worker-16: Building] INFO  o.e.m.c.i.embedder.EclipseLogger - Using 'UTF-8' encoding to copy filtered resources.
2022-03-14 17:08:40,434 [Worker-16: Building] INFO  o.e.m.c.i.embedder.EclipseLogger - Using 'UTF-8' encoding to copy filtered properties files.
2022-03-14 17:08:40,435 [Worker-16: Building] INFO  o.e.m.c.i.embedder.EclipseLogger - skip non existing resourceDirectory C:\Trabalho\React + Spring\Backend\agencia\src\test\resources
2022-03-14 17:09:05,076 [Worker-13: Building] INFO  o.e.m.c.i.embedder.EclipseLogger - Using 'UTF-8' encoding to copy filtered resources.
2022-03-14 17:09:05,077 [Worker-13: Building] INFO  o.e.m.c.i.embedder.EclipseLogger - Using 'UTF-8' encoding to copy filtered properties files.
2022-03-14 17:09:05,079 [Worker-13: Building] INFO  o.e.m.c.i.embedder.EclipseLogger - Copying 1 resource
2022-03-14 17:09:05,088 [Worker-13: Building] INFO  o.e.m.c.i.embedder.EclipseLogger - Copying 0 resource
2022-03-14 17:09:05,092 [Worker-13: Building] INFO  o.e.m.c.i.embedder.EclipseLogger - Using 'UTF-8' encoding to copy filtered resources.
2022-03-14 17:09:05,092 [Worker-13: Building] INFO  o.e.m.c.i.embedder.EclipseLogger - Using 'UTF-8' encoding to copy filtered properties files.
2022-03-14 17:09:05,092 [Worker-13: Building] INFO  o.e.m.c.i.embedder.EclipseLogger - skip non existing resourceDirectory C:\Trabalho\React + Spring\Backend\agencia\src\test\resources
2022-03-14 17:10:36,653 [Worker-7: Building] INFO  o.e.m.c.i.embedder.EclipseLogger - Using 'UTF-8' encoding to copy filtered resources.
2022-03-14 17:10:36,653 [Worker-7: Building] INFO  o.e.m.c.i.embedder.EclipseLogger - Using 'UTF-8' encoding to copy filtered properties files.
2022-03-14 17:10:36,656 [Worker-7: Building] INFO  o.e.m.c.i.embedder.EclipseLogger - Copying 1 resource
2022-03-14 17:10:36,666 [Worker-7: Building] INFO  o.e.m.c.i.embedder.EclipseLogger - Copying 0 resource
2022-03-14 17:10:36,670 [Worker-7: Building] INFO  o.e.m.c.i.embedder.EclipseLogger - Using 'UTF-8' encoding to copy filtered resources.
2022-03-14 17:10:36,670 [Worker-7: Building] INFO  o.e.m.c.i.embedder.EclipseLogger - Using 'UTF-8' encoding to copy filtered properties files.
2022-03-14 17:10:36,670 [Worker-7: Building] INFO  o.e.m.c.i.embedder.EclipseLogger - skip non existing resourceDirectory C:\Trabalho\React + Spring\Backend\agencia\src\test\resources
2022-03-14 17:28:55,903 [Worker-25: Building] INFO  o.e.m.c.i.embedder.EclipseLogger - Using 'UTF-8' encoding to copy filtered resources.
2022-03-14 17:28:55,905 [Worker-25: Building] INFO  o.e.m.c.i.embedder.EclipseLogger - Using 'UTF-8' encoding to copy filtered properties files.
2022-03-14 17:28:55,909 [Worker-25: Building] INFO  o.e.m.c.i.embedder.EclipseLogger - Copying 1 resource
2022-03-14 17:28:56,024 [Worker-25: Building] INFO  o.e.m.c.i.embedder.EclipseLogger - Copying 0 resource
2022-03-14 17:28:56,028 [Worker-25: Building] INFO  o.e.m.c.i.embedder.EclipseLogger - Using 'UTF-8' encoding to copy filtered resources.
2022-03-14 17:28:56,028 [Worker-25: Building] INFO  o.e.m.c.i.embedder.EclipseLogger - Using 'UTF-8' encoding to copy filtered properties files.
2022-03-14 17:28:56,028 [Worker-25: Building] INFO  o.e.m.c.i.embedder.EclipseLogger - skip non existing resourceDirectory C:\Trabalho\React + Spring\Backend\agencia\src\test\resources
2022-03-14 17:29:00,297 [Worker-22: Building] INFO  o.e.m.c.i.embedder.EclipseLogger - Using 'UTF-8' encoding to copy filtered resources.
2022-03-14 17:29:00,298 [Worker-22: Building] INFO  o.e.m.c.i.embedder.EclipseLogger - Using 'UTF-8' encoding to copy filtered properties files.
2022-03-14 17:29:00,301 [Worker-22: Building] INFO  o.e.m.c.i.embedder.EclipseLogger - Copying 1 resource
2022-03-14 17:29:00,351 [Worker-22: Building] INFO  o.e.m.c.i.embedder.EclipseLogger - Copying 0 resource
2022-03-14 17:29:00,358 [Worker-22: Building] INFO  o.e.m.c.i.embedder.EclipseLogger - Using 'UTF-8' encoding to copy filtered resources.
2022-03-14 17:29:00,358 [Worker-22: Building] INFO  o.e.m.c.i.embedder.EclipseLogger - Using 'UTF-8' encoding to copy filtered properties files.
2022-03-14 17:29:00,358 [Worker-22: Building] INFO  o.e.m.c.i.embedder.EclipseLogger - skip non existing resourceDirectory C:\Trabalho\React + Spring\Backend\agencia\src\test\resources
2022-03-14 17:30:28,641 [Worker-22: Building] INFO  o.e.m.c.i.embedder.EclipseLogger - Using 'UTF-8' encoding to copy filtered resources.
2022-03-14 17:30:28,641 [Worker-22: Building] INFO  o.e.m.c.i.embedder.EclipseLogger - Using 'UTF-8' encoding to copy filtered properties files.
2022-03-14 17:30:28,643 [Worker-22: Building] INFO  o.e.m.c.i.embedder.EclipseLogger - Copying 1 resource
2022-03-14 17:30:28,805 [Worker-22: Building] INFO  o.e.m.c.i.embedder.EclipseLogger - Copying 0 resource
2022-03-14 17:30:28,809 [Worker-22: Building] INFO  o.e.m.c.i.embedder.EclipseLogger - Using 'UTF-8' encoding to copy filtered resources.
2022-03-14 17:30:28,810 [Worker-22: Building] INFO  o.e.m.c.i.embedder.EclipseLogger - Using 'UTF-8' encoding to copy filtered properties files.
2022-03-14 17:30:28,810 [Worker-22: Building] INFO  o.e.m.c.i.embedder.EclipseLogger - skip non existing resourceDirectory C:\Trabalho\React + Spring\Backend\agencia\src\test\resources
2022-03-14 17:36:15,555 [Worker-17: Building] INFO  o.e.m.c.i.embedder.EclipseLogger - Using 'UTF-8' encoding to copy filtered resources.
2022-03-14 17:36:15,556 [Worker-17: Building] INFO  o.e.m.c.i.embedder.EclipseLogger - Using 'UTF-8' encoding to copy filtered properties files.
2022-03-14 17:36:15,559 [Worker-17: Building] INFO  o.e.m.c.i.embedder.EclipseLogger - Copying 1 resource
2022-03-14 17:36:15,583 [Worker-17: Building] INFO  o.e.m.c.i.embedder.EclipseLogger - Copying 0 resource
2022-03-14 17:36:15,588 [Worker-17: Building] INFO  o.e.m.c.i.embedder.EclipseLogger - Using 'UTF-8' encoding to copy filtered resources.
2022-03-14 17:36:15,588 [Worker-17: Building] INFO  o.e.m.c.i.embedder.EclipseLogger - Using 'UTF-8' encoding to copy filtered properties files.
2022-03-14 17:36:15,588 [Worker-17: Building] INFO  o.e.m.c.i.embedder.EclipseLogger - skip non existing resourceDirectory C:\Trabalho\React + Spring\Backend\agencia\src\test\resources
2022-03-14 17:39:14,151 [Worker-22: Building] INFO  o.e.m.c.i.embedder.EclipseLogger - Using 'UTF-8' encoding to copy filtered resources.
2022-03-14 17:39:14,152 [Worker-22: Building] INFO  o.e.m.c.i.embedder.EclipseLogger - Using 'UTF-8' encoding to copy filtered properties files.
2022-03-14 17:39:14,161 [Worker-22: Building] INFO  o.e.m.c.i.embedder.EclipseLogger - Copying 1 resource
2022-03-14 17:39:14,173 [Worker-22: Building] INFO  o.e.m.c.i.embedder.EclipseLogger - Copying 0 resource
2022-03-14 17:39:14,180 [Worker-22: Building] INFO  o.e.m.c.i.embedder.EclipseLogger - Using 'UTF-8' encoding to copy filtered resources.
2022-03-14 17:39:14,181 [Worker-22: Building] INFO  o.e.m.c.i.embedder.EclipseLogger - Using 'UTF-8' encoding to copy filtered properties files.
2022-03-14 17:39:14,181 [Worker-22: Building] INFO  o.e.m.c.i.embedder.EclipseLogger - skip non existing resourceDirectory C:\Trabalho\React + Spring\Backend\agencia\src\test\resources
2022-03-14 17:43:46,345 [Worker-27: Building] INFO  o.e.m.c.i.embedder.EclipseLogger - Using 'UTF-8' encoding to copy filtered resources.
2022-03-14 17:43:46,347 [Worker-27: Building] INFO  o.e.m.c.i.embedder.EclipseLogger - Using 'UTF-8' encoding to copy filtered properties files.
2022-03-14 17:43:46,349 [Worker-27: Building] INFO  o.e.m.c.i.embedder.EclipseLogger - Copying 1 resource
2022-03-14 17:43:46,448 [Worker-27: Building] INFO  o.e.m.c.i.embedder.EclipseLogger - Copying 0 resource
2022-03-14 17:43:46,459 [Worker-27: Building] INFO  o.e.m.c.i.embedder.EclipseLogger - Using 'UTF-8' encoding to copy filtered resources.
2022-03-14 17:43:46,459 [Worker-27: Building] INFO  o.e.m.c.i.embedder.EclipseLogger - Using 'UTF-8' encoding to copy filtered properties files.
2022-03-14 17:43:46,459 [Worker-27: Building] INFO  o.e.m.c.i.embedder.EclipseLogger - skip non existing resourceDirectory C:\Trabalho\React + Spring\Backend\agencia\src\test\resources
2022-03-14 17:44:12,223 [Worker-26: Launching agencia - AgenciaApplication] INFO  o.e.m.c.i.embedder.EclipseLogger - Using 'UTF-8' encoding to copy filtered resources.
2022-03-14 17:44:12,223 [Worker-26: Launching agencia - AgenciaApplication] INFO  o.e.m.c.i.embedder.EclipseLogger - Using 'UTF-8' encoding to copy filtered properties files.
2022-03-14 17:44:12,227 [Worker-26: Launching agencia - AgenciaApplication] INFO  o.e.m.c.i.embedder.EclipseLogger - Copying 1 resource
2022-03-14 17:44:12,586 [Worker-26: Launching agencia - AgenciaApplication] INFO  o.e.m.c.i.embedder.EclipseLogger - Copying 0 resource
2022-03-14 17:44:12,595 [Worker-26: Launching agencia - AgenciaApplication] INFO  o.e.m.c.i.embedder.EclipseLogger - Using 'UTF-8' encoding to copy filtered resources.
2022-03-14 17:44:12,596 [Worker-26: Launching agencia - AgenciaApplication] INFO  o.e.m.c.i.embedder.EclipseLogger - Using 'UTF-8' encoding to copy filtered properties files.
2022-03-14 17:44:12,596 [Worker-26: Launching agencia - AgenciaApplication] INFO  o.e.m.c.i.embedder.EclipseLogger - skip non existing resourceDirectory C:\Trabalho\React + Spring\Backend\agencia\src\test\resources
2022-03-14 17:51:13,831 [Worker-22: Building] INFO  o.e.m.c.i.embedder.EclipseLogger - Using 'UTF-8' encoding to copy filtered resources.
2022-03-14 17:51:13,841 [Worker-22: Building] INFO  o.e.m.c.i.embedder.EclipseLogger - Using 'UTF-8' encoding to copy filtered properties files.
2022-03-14 17:51:13,845 [Worker-22: Building] INFO  o.e.m.c.i.embedder.EclipseLogger - Copying 1 resource
2022-03-14 17:51:13,980 [Worker-22: Building] INFO  o.e.m.c.i.embedder.EclipseLogger - Copying 0 resource
2022-03-14 17:51:13,983 [Worker-22: Building] INFO  o.e.m.c.i.embedder.EclipseLogger - Using 'UTF-8' encoding to copy filtered resources.
2022-03-14 17:51:13,984 [Worker-22: Building] INFO  o.e.m.c.i.embedder.EclipseLogger - Using 'UTF-8' encoding to copy filtered properties files.
2022-03-14 17:51:13,984 [Worker-22: Building] INFO  o.e.m.c.i.embedder.EclipseLogger - skip non existing resourceDirectory C:\Trabalho\React + Spring\Backend\agencia\src\test\resources
2022-03-14 17:56:17,750 [Worker-22: Launching agencia - AgenciaApplication] INFO  o.e.m.c.i.embedder.EclipseLogger - Using 'UTF-8' encoding to copy filtered resources.
2022-03-14 17:56:17,781 [Worker-22: Launching agencia - AgenciaApplication] INFO  o.e.m.c.i.embedder.EclipseLogger - Using 'UTF-8' encoding to copy filtered properties files.
2022-03-14 17:56:17,788 [Worker-22: Launching agencia - AgenciaApplication] INFO  o.e.m.c.i.embedder.EclipseLogger - Copying 1 resource
2022-03-14 17:56:18,362 [Worker-22: Launching agencia - AgenciaApplication] INFO  o.e.m.c.i.embedder.EclipseLogger - Copying 0 resource
2022-03-14 17:56:18,396 [Worker-22: Launching agencia - AgenciaApplication] INFO  o.e.m.c.i.embedder.EclipseLogger - Using 'UTF-8' encoding to copy filtered resources.
2022-03-14 17:56:18,397 [Worker-22: Launching agencia - AgenciaApplication] INFO  o.e.m.c.i.embedder.EclipseLogger - Using 'UTF-8' encoding to copy filtered properties files.
2022-03-14 17:56:18,397 [Worker-22: Launching agencia - AgenciaApplication] INFO  o.e.m.c.i.embedder.EclipseLogger - skip non existing resourceDirectory C:\Trabalho\React + Spring\Backend\agencia\src\test\resources
2022-03-14 17:58:23,067 [Worker-37: Launching agencia - AgenciaApplication] INFO  o.e.m.c.i.embedder.EclipseLogger - Using 'UTF-8' encoding to copy filtered resources.
2022-03-14 17:58:23,068 [Worker-37: Launching agencia - AgenciaApplication] INFO  o.e.m.c.i.embedder.EclipseLogger - Using 'UTF-8' encoding to copy filtered properties files.
2022-03-14 17:58:23,069 [Worker-37: Launching agencia - AgenciaApplication] INFO  o.e.m.c.i.embedder.EclipseLogger - Copying 1 resource
2022-03-14 17:58:23,149 [Worker-37: Launching agencia - AgenciaApplication] INFO  o.e.m.c.i.embedder.EclipseLogger - Copying 0 resource
2022-03-14 17:58:23,154 [Worker-37: Launching agencia - AgenciaApplication] INFO  o.e.m.c.i.embedder.EclipseLogger - Using 'UTF-8' encoding to copy filtered resources.
2022-03-14 17:58:23,154 [Worker-37: Launching agencia - AgenciaApplication] INFO  o.e.m.c.i.embedder.EclipseLogger - Using 'UTF-8' encoding to copy filtered properties files.
2022-03-14 17:58:23,155 [Worker-37: Launching agencia - AgenciaApplication] INFO  o.e.m.c.i.embedder.EclipseLogger - skip non existing resourceDirectory C:\Trabalho\React + Spring\Backend\agencia\src\test\resources
2022-03-14 18:01:05,956 [Worker-38: Launching agencia - AgenciaApplication] INFO  o.e.m.c.i.embedder.EclipseLogger - Using 'UTF-8' encoding to copy filtered resources.
2022-03-14 18:01:05,957 [Worker-38: Launching agencia - AgenciaApplication] INFO  o.e.m.c.i.embedder.EclipseLogger - Using 'UTF-8' encoding to copy filtered properties files.
2022-03-14 18:01:05,957 [Worker-38: Launching agencia - AgenciaApplication] INFO  o.e.m.c.i.embedder.EclipseLogger - Copying 1 resource
2022-03-14 18:01:06,002 [Worker-38: Launching agencia - AgenciaApplication] INFO  o.e.m.c.i.embedder.EclipseLogger - Copying 0 resource
2022-03-14 18:01:06,010 [Worker-38: Launching agencia - AgenciaApplication] INFO  o.e.m.c.i.embedder.EclipseLogger - Using 'UTF-8' encoding to copy filtered resources.
2022-03-14 18:01:06,010 [Worker-38: Launching agencia - AgenciaApplication] INFO  o.e.m.c.i.embedder.EclipseLogger - Using 'UTF-8' encoding to copy filtered properties files.
2022-03-14 18:01:06,010 [Worker-38: Launching agencia - AgenciaApplication] INFO  o.e.m.c.i.embedder.EclipseLogger - skip non existing resourceDirectory C:\Trabalho\React + Spring\Backend\agencia\src\test\resources
2022-03-14 18:07:24,905 [Worker-41: Building] INFO  o.e.m.c.i.embedder.EclipseLogger - Using 'UTF-8' encoding to copy filtered resources.
2022-03-14 18:07:24,908 [Worker-41: Building] INFO  o.e.m.c.i.embedder.EclipseLogger - Using 'UTF-8' encoding to copy filtered properties files.
2022-03-14 18:07:24,912 [Worker-41: Building] INFO  o.e.m.c.i.embedder.EclipseLogger - Copying 1 resource
2022-03-14 18:07:24,946 [Worker-41: Building] INFO  o.e.m.c.i.embedder.EclipseLogger - Copying 0 resource
2022-03-14 18:07:24,950 [Worker-41: Building] INFO  o.e.m.c.i.embedder.EclipseLogger - Using 'UTF-8' encoding to copy filtered resources.
2022-03-14 18:07:24,951 [Worker-41: Building] INFO  o.e.m.c.i.embedder.EclipseLogger - Using 'UTF-8' encoding to copy filtered properties files.
2022-03-14 18:07:24,951 [Worker-41: Building] INFO  o.e.m.c.i.embedder.EclipseLogger - skip non existing resourceDirectory C:\Trabalho\React + Spring\Backend\agencia\src\test\resources
2022-03-14 18:09:17,272 [Worker-38: Building] INFO  o.e.m.c.i.embedder.EclipseLogger - Using 'UTF-8' encoding to copy filtered resources.
2022-03-14 18:09:17,273 [Worker-38: Building] INFO  o.e.m.c.i.embedder.EclipseLogger - Using 'UTF-8' encoding to copy filtered properties files.
2022-03-14 18:09:17,275 [Worker-38: Building] INFO  o.e.m.c.i.embedder.EclipseLogger - Copying 1 resource
2022-03-14 18:09:17,324 [Worker-38: Building] INFO  o.e.m.c.i.embedder.EclipseLogger - Copying 0 resource
2022-03-14 18:09:17,329 [Worker-38: Building] INFO  o.e.m.c.i.embedder.EclipseLogger - Using 'UTF-8' encoding to copy filtered resources.
2022-03-14 18:09:17,329 [Worker-38: Building] INFO  o.e.m.c.i.embedder.EclipseLogger - Using 'UTF-8' encoding to copy filtered properties files.
2022-03-14 18:09:17,329 [Worker-38: Building] INFO  o.e.m.c.i.embedder.EclipseLogger - skip non existing resourceDirectory C:\Trabalho\React + Spring\Backend\agencia\src\test\resources
2022-03-14 18:09:47,166 [Worker-45: Launching agencia - AgenciaApplication] INFO  o.e.m.c.i.embedder.EclipseLogger - Using 'UTF-8' encoding to copy filtered resources.
2022-03-14 18:09:47,167 [Worker-45: Launching agencia - AgenciaApplication] INFO  o.e.m.c.i.embedder.EclipseLogger - Using 'UTF-8' encoding to copy filtered properties files.
2022-03-14 18:09:47,170 [Worker-45: Launching agencia - AgenciaApplication] INFO  o.e.m.c.i.embedder.EclipseLogger - Copying 1 resource
2022-03-14 18:09:47,195 [Worker-45: Launching agencia - AgenciaApplication] INFO  o.e.m.c.i.embedder.EclipseLogger - Copying 0 resource
2022-03-14 18:09:47,202 [Worker-45: Launching agencia - AgenciaApplication] INFO  o.e.m.c.i.embedder.EclipseLogger - Using 'UTF-8' encoding to copy filtered resources.
2022-03-14 18:09:47,202 [Worker-45: Launching agencia - AgenciaApplication] INFO  o.e.m.c.i.embedder.EclipseLogger - Using 'UTF-8' encoding to copy filtered properties files.
2022-03-14 18:09:47,202 [Worker-45: Launching agencia - AgenciaApplication] INFO  o.e.m.c.i.embedder.EclipseLogger - skip non existing resourceDirectory C:\Trabalho\React + Spring\Backend\agencia\src\test\resources
2022-03-14 18:14:25,321 [Worker-50: Building] INFO  o.e.m.c.i.embedder.EclipseLogger - Using 'UTF-8' encoding to copy filtered resources.
2022-03-14 18:14:25,339 [Worker-50: Building] INFO  o.e.m.c.i.embedder.EclipseLogger - Using 'UTF-8' encoding to copy filtered properties files.
2022-03-14 18:14:25,349 [Worker-50: Building] INFO  o.e.m.c.i.embedder.EclipseLogger - Copying 1 resource
2022-03-14 18:14:25,379 [Worker-50: Building] INFO  o.e.m.c.i.embedder.EclipseLogger - Copying 0 resource
2022-03-14 18:14:25,385 [Worker-50: Building] INFO  o.e.m.c.i.embedder.EclipseLogger - Using 'UTF-8' encoding to copy filtered resources.
2022-03-14 18:14:25,385 [Worker-50: Building] INFO  o.e.m.c.i.embedder.EclipseLogger - Using 'UTF-8' encoding to copy filtered properties files.
2022-03-14 18:14:25,385 [Worker-50: Building] INFO  o.e.m.c.i.embedder.EclipseLogger - skip non existing resourceDirectory C:\Trabalho\React + Spring\Backend\agencia\src\test\resources
2022-03-14 18:15:06,563 [Worker-50: Building] INFO  o.e.m.c.i.embedder.EclipseLogger - Using 'UTF-8' encoding to copy filtered resources.
2022-03-14 18:15:06,564 [Worker-50: Building] INFO  o.e.m.c.i.embedder.EclipseLogger - Using 'UTF-8' encoding to copy filtered properties files.
2022-03-14 18:15:06,567 [Worker-50: Building] INFO  o.e.m.c.i.embedder.EclipseLogger - Copying 1 resource
2022-03-14 18:15:06,829 [Worker-50: Building] INFO  o.e.m.c.i.embedder.EclipseLogger - Copying 0 resource
2022-03-14 18:15:06,832 [Worker-50: Building] INFO  o.e.m.c.i.embedder.EclipseLogger - Using 'UTF-8' encoding to copy filtered resources.
2022-03-14 18:15:06,832 [Worker-50: Building] INFO  o.e.m.c.i.embedder.EclipseLogger - Using 'UTF-8' encoding to copy filtered properties files.
2022-03-14 18:15:06,833 [Worker-50: Building] INFO  o.e.m.c.i.embedder.EclipseLogger - skip non existing resourceDirectory C:\Trabalho\React + Spring\Backend\agencia\src\test\resources
2022-03-14 18:17:16,901 [Worker-41: Building] INFO  o.e.m.c.i.embedder.EclipseLogger - Using 'UTF-8' encoding to copy filtered resources.
2022-03-14 18:17:16,902 [Worker-41: Building] INFO  o.e.m.c.i.embedder.EclipseLogger - Using 'UTF-8' encoding to copy filtered properties files.
2022-03-14 18:17:16,905 [Worker-41: Building] INFO  o.e.m.c.i.embedder.EclipseLogger - Copying 1 resource
2022-03-14 18:17:16,940 [Worker-41: Building] INFO  o.e.m.c.i.embedder.EclipseLogger - Copying 0 resource
2022-03-14 18:17:16,944 [Worker-41: Building] INFO  o.e.m.c.i.embedder.EclipseLogger - Using 'UTF-8' encoding to copy filtered resources.
2022-03-14 18:17:16,944 [Worker-41: Building] INFO  o.e.m.c.i.embedder.EclipseLogger - Using 'UTF-8' encoding to copy filtered properties files.
2022-03-14 18:17:16,944 [Worker-41: Building] INFO  o.e.m.c.i.embedder.EclipseLogger - skip non existing resourceDirectory C:\Trabalho\React + Spring\Backend\agencia\src\test\resources
2022-03-14 18:17:40,570 [Worker-51: Building] INFO  o.e.m.c.i.embedder.EclipseLogger - Using 'UTF-8' encoding to copy filtered resources.
2022-03-14 18:17:40,570 [Worker-51: Building] INFO  o.e.m.c.i.embedder.EclipseLogger - Using 'UTF-8' encoding to copy filtered properties files.
2022-03-14 18:17:40,573 [Worker-51: Building] INFO  o.e.m.c.i.embedder.EclipseLogger - Copying 1 resource
2022-03-14 18:17:40,665 [Worker-51: Building] INFO  o.e.m.c.i.embedder.EclipseLogger - Copying 0 resource
2022-03-14 18:17:40,669 [Worker-51: Building] INFO  o.e.m.c.i.embedder.EclipseLogger - Using 'UTF-8' encoding to copy filtered resources.
2022-03-14 18:17:40,669 [Worker-51: Building] INFO  o.e.m.c.i.embedder.EclipseLogger - Using 'UTF-8' encoding to copy filtered properties files.
2022-03-14 18:17:40,670 [Worker-51: Building] INFO  o.e.m.c.i.embedder.EclipseLogger - skip non existing resourceDirectory C:\Trabalho\React + Spring\Backend\agencia\src\test\resources
2022-03-14 18:18:16,410 [Worker-49: Building] INFO  o.e.m.c.i.embedder.EclipseLogger - Using 'UTF-8' encoding to copy filtered resources.
2022-03-14 18:18:16,411 [Worker-49: Building] INFO  o.e.m.c.i.embedder.EclipseLogger - Using 'UTF-8' encoding to copy filtered properties files.
2022-03-14 18:18:16,439 [Worker-49: Building] INFO  o.e.m.c.i.embedder.EclipseLogger - Copying 1 resource
2022-03-14 18:18:16,450 [Worker-49: Building] INFO  o.e.m.c.i.embedder.EclipseLogger - Copying 0 resource
2022-03-14 18:18:16,453 [Worker-49: Building] INFO  o.e.m.c.i.embedder.EclipseLogger - Using 'UTF-8' encoding to copy filtered resources.
2022-03-14 18:18:16,453 [Worker-49: Building] INFO  o.e.m.c.i.embedder.EclipseLogger - Using 'UTF-8' encoding to copy filtered properties files.
2022-03-14 18:18:16,453 [Worker-49: Building] INFO  o.e.m.c.i.embedder.EclipseLogger - skip non existing resourceDirectory C:\Trabalho\React + Spring\Backend\agencia\src\test\resources
2022-03-14 18:18:32,378 [Worker-51: Building] INFO  o.e.m.c.i.embedder.EclipseLogger - Using 'UTF-8' encoding to copy filtered resources.
2022-03-14 18:18:32,378 [Worker-51: Building] INFO  o.e.m.c.i.embedder.EclipseLogger - Using 'UTF-8' encoding to copy filtered properties files.
2022-03-14 18:18:32,382 [Worker-51: Building] INFO  o.e.m.c.i.embedder.EclipseLogger - Copying 1 resource
2022-03-14 18:18:32,455 [Worker-51: Building] INFO  o.e.m.c.i.embedder.EclipseLogger - Copying 0 resource
2022-03-14 18:18:32,459 [Worker-51: Building] INFO  o.e.m.c.i.embedder.EclipseLogger - Using 'UTF-8' encoding to copy filtered resources.
2022-03-14 18:18:32,459 [Worker-51: Building] INFO  o.e.m.c.i.embedder.EclipseLogger - Using 'UTF-8' encoding to copy filtered properties files.
2022-03-14 18:18:32,460 [Worker-51: Building] INFO  o.e.m.c.i.embedder.EclipseLogger - skip non existing resourceDirectory C:\Trabalho\React + Spring\Backend\agencia\src\test\resources
2022-03-14 18:20:09,117 [Worker-51: Building] INFO  o.e.m.c.i.embedder.EclipseLogger - Using 'UTF-8' encoding to copy filtered resources.
2022-03-14 18:20:09,118 [Worker-51: Building] INFO  o.e.m.c.i.embedder.EclipseLogger - Using 'UTF-8' encoding to copy filtered properties files.
2022-03-14 18:20:09,120 [Worker-51: Building] INFO  o.e.m.c.i.embedder.EclipseLogger - Copying 1 resource
2022-03-14 18:20:09,310 [Worker-51: Building] INFO  o.e.m.c.i.embedder.EclipseLogger - Copying 0 resource
2022-03-14 18:20:09,335 [Worker-51: Building] INFO  o.e.m.c.i.embedder.EclipseLogger - Using 'UTF-8' encoding to copy filtered resources.
2022-03-14 18:20:09,336 [Worker-51: Building] INFO  o.e.m.c.i.embedder.EclipseLogger - Using 'UTF-8' encoding to copy filtered properties files.
2022-03-14 18:20:09,336 [Worker-51: Building] INFO  o.e.m.c.i.embedder.EclipseLogger - skip non existing resourceDirectory C:\Trabalho\React + Spring\Backend\agencia\src\test\resources
2022-03-14 20:31:44,383 [Worker-62: Launching agencia - AgenciaApplication] INFO  o.e.m.c.i.embedder.EclipseLogger - Using 'UTF-8' encoding to copy filtered resources.
2022-03-14 20:31:44,393 [Worker-62: Launching agencia - AgenciaApplication] INFO  o.e.m.c.i.embedder.EclipseLogger - Using 'UTF-8' encoding to copy filtered properties files.
2022-03-14 20:31:44,396 [Worker-62: Launching agencia - AgenciaApplication] INFO  o.e.m.c.i.embedder.EclipseLogger - Copying 1 resource
2022-03-14 20:31:44,761 [Worker-62: Launching agencia - AgenciaApplication] INFO  o.e.m.c.i.embedder.EclipseLogger - Copying 0 resource
2022-03-14 20:31:44,766 [Worker-62: Launching agencia - AgenciaApplication] INFO  o.e.m.c.i.embedder.EclipseLogger - Using 'UTF-8' encoding to copy filtered resources.
2022-03-14 20:31:44,766 [Worker-62: Launching agencia - AgenciaApplication] INFO  o.e.m.c.i.embedder.EclipseLogger - Using 'UTF-8' encoding to copy filtered properties files.
2022-03-14 20:31:44,767 [Worker-62: Launching agencia - AgenciaApplication] INFO  o.e.m.c.i.embedder.EclipseLogger - skip non existing resourceDirectory C:\Trabalho\React + Spring\Backend\agencia\src\test\resources
2022-03-14 20:39:47,984 [Worker-64: Launching agencia - AgenciaApplication] INFO  o.e.m.c.i.embedder.EclipseLogger - Using 'UTF-8' encoding to copy filtered resources.
2022-03-14 20:39:47,995 [Worker-64: Launching agencia - AgenciaApplication] INFO  o.e.m.c.i.embedder.EclipseLogger - Using 'UTF-8' encoding to copy filtered properties files.
2022-03-14 20:39:48,003 [Worker-64: Launching agencia - AgenciaApplication] INFO  o.e.m.c.i.embedder.EclipseLogger - Copying 1 resource
2022-03-14 20:39:48,066 [Worker-64: Launching agencia - AgenciaApplication] INFO  o.e.m.c.i.embedder.EclipseLogger - Copying 0 resource
2022-03-14 20:39:48,069 [Worker-64: Launching agencia - AgenciaApplication] INFO  o.e.m.c.i.embedder.EclipseLogger - Using 'UTF-8' encoding to copy filtered resources.
2022-03-14 20:39:48,069 [Worker-64: Launching agencia - AgenciaApplication] INFO  o.e.m.c.i.embedder.EclipseLogger - Using 'UTF-8' encoding to copy filtered properties files.
2022-03-14 20:39:48,070 [Worker-64: Launching agencia - AgenciaApplication] INFO  o.e.m.c.i.embedder.EclipseLogger - skip non existing resourceDirectory C:\Trabalho\React + Spring\Backend\agencia\src\test\resources
2022-03-15 09:27:19,803 [Worker-148: Building] INFO  o.e.m.c.i.embedder.EclipseLogger - Using 'UTF-8' encoding to copy filtered resources.
2022-03-15 09:27:19,808 [Worker-148: Building] INFO  o.e.m.c.i.embedder.EclipseLogger - Using 'UTF-8' encoding to copy filtered properties files.
2022-03-15 09:27:19,812 [Worker-148: Building] INFO  o.e.m.c.i.embedder.EclipseLogger - Copying 1 resource
2022-03-15 09:27:20,339 [Worker-148: Building] INFO  o.e.m.c.i.embedder.EclipseLogger - Copying 0 resource
2022-03-15 09:27:20,344 [Worker-148: Building] INFO  o.e.m.c.i.embedder.EclipseLogger - Using 'UTF-8' encoding to copy filtered resources.
2022-03-15 09:27:20,344 [Worker-148: Building] INFO  o.e.m.c.i.embedder.EclipseLogger - Using 'UTF-8' encoding to copy filtered properties files.
2022-03-15 09:27:20,345 [Worker-148: Building] INFO  o.e.m.c.i.embedder.EclipseLogger - skip non existing resourceDirectory C:\Trabalho\React + Spring\Backend\agencia\src\test\resources
2022-03-15 09:27:24,284 [Worker-146: Building] INFO  o.e.m.c.i.embedder.EclipseLogger - Using 'UTF-8' encoding to copy filtered resources.
2022-03-15 09:27:24,284 [Worker-146: Building] INFO  o.e.m.c.i.embedder.EclipseLogger - Using 'UTF-8' encoding to copy filtered properties files.
2022-03-15 09:27:24,286 [Worker-146: Building] INFO  o.e.m.c.i.embedder.EclipseLogger - Copying 1 resource
2022-03-15 09:27:24,784 [Worker-146: Building] INFO  o.e.m.c.i.embedder.EclipseLogger - Copying 0 resource
2022-03-15 09:27:24,790 [Worker-146: Building] INFO  o.e.m.c.i.embedder.EclipseLogger - Using 'UTF-8' encoding to copy filtered resources.
2022-03-15 09:27:24,790 [Worker-146: Building] INFO  o.e.m.c.i.embedder.EclipseLogger - Using 'UTF-8' encoding to copy filtered properties files.
2022-03-15 09:27:24,791 [Worker-146: Building] INFO  o.e.m.c.i.embedder.EclipseLogger - skip non existing resourceDirectory C:\Trabalho\React + Spring\Backend\agencia\src\test\resources
2022-03-15 09:31:51,205 [Worker-144: Building] INFO  o.e.m.c.i.embedder.EclipseLogger - Using 'UTF-8' encoding to copy filtered resources.
2022-03-15 09:31:51,207 [Worker-144: Building] INFO  o.e.m.c.i.embedder.EclipseLogger - Using 'UTF-8' encoding to copy filtered properties files.
2022-03-15 09:31:51,209 [Worker-144: Building] INFO  o.e.m.c.i.embedder.EclipseLogger - Copying 1 resource
2022-03-15 09:31:51,340 [Worker-144: Building] INFO  o.e.m.c.i.embedder.EclipseLogger - Copying 0 resource
2022-03-15 09:31:51,344 [Worker-144: Building] INFO  o.e.m.c.i.embedder.EclipseLogger - Using 'UTF-8' encoding to copy filtered resources.
2022-03-15 09:31:51,345 [Worker-144: Building] INFO  o.e.m.c.i.embedder.EclipseLogger - Using 'UTF-8' encoding to copy filtered properties files.
2022-03-15 09:31:51,345 [Worker-144: Building] INFO  o.e.m.c.i.embedder.EclipseLogger - skip non existing resourceDirectory C:\Trabalho\React + Spring\Backend\agencia\src\test\resources
2022-03-15 09:31:55,296 [Worker-147: Building] INFO  o.e.m.c.i.embedder.EclipseLogger - Using 'UTF-8' encoding to copy filtered resources.
2022-03-15 09:31:55,297 [Worker-147: Building] INFO  o.e.m.c.i.embedder.EclipseLogger - Using 'UTF-8' encoding to copy filtered properties files.
2022-03-15 09:31:55,300 [Worker-147: Building] INFO  o.e.m.c.i.embedder.EclipseLogger - Copying 1 resource
2022-03-15 09:31:55,777 [Worker-147: Building] INFO  o.e.m.c.i.embedder.EclipseLogger - Copying 0 resource
2022-03-15 09:31:55,798 [Worker-147: Building] INFO  o.e.m.c.i.embedder.EclipseLogger - Using 'UTF-8' encoding to copy filtered resources.
2022-03-15 09:31:55,798 [Worker-147: Building] INFO  o.e.m.c.i.embedder.EclipseLogger - Using 'UTF-8' encoding to copy filtered properties files.
2022-03-15 09:31:55,798 [Worker-147: Building] INFO  o.e.m.c.i.embedder.EclipseLogger - skip non existing resourceDirectory C:\Trabalho\React + Spring\Backend\agencia\src\test\resources
2022-03-15 09:32:32,707 [Worker-146: Launching agencia - AgenciaApplication] INFO  o.e.m.c.i.embedder.EclipseLogger - Using 'UTF-8' encoding to copy filtered resources.
2022-03-15 09:32:32,707 [Worker-146: Launching agencia - AgenciaApplication] INFO  o.e.m.c.i.embedder.EclipseLogger - Using 'UTF-8' encoding to copy filtered properties files.
2022-03-15 09:32:32,710 [Worker-146: Launching agencia - AgenciaApplication] INFO  o.e.m.c.i.embedder.EclipseLogger - Copying 1 resource
2022-03-15 09:32:32,773 [Worker-146: Launching agencia - AgenciaApplication] INFO  o.e.m.c.i.embedder.EclipseLogger - Copying 0 resource
2022-03-15 09:32:32,778 [Worker-146: Launching agencia - AgenciaApplication] INFO  o.e.m.c.i.embedder.EclipseLogger - Using 'UTF-8' encoding to copy filtered resources.
2022-03-15 09:32:32,778 [Worker-146: Launching agencia - AgenciaApplication] INFO  o.e.m.c.i.embedder.EclipseLogger - Using 'UTF-8' encoding to copy filtered properties files.
2022-03-15 09:32:32,778 [Worker-146: Launching agencia - AgenciaApplication] INFO  o.e.m.c.i.embedder.EclipseLogger - skip non existing resourceDirectory C:\Trabalho\React + Spring\Backend\agencia\src\test\resources
2022-03-15 09:32:54,012 [Worker-147: Building] INFO  o.e.m.c.i.embedder.EclipseLogger - Using 'UTF-8' encoding to copy filtered resources.
2022-03-15 09:32:54,013 [Worker-147: Building] INFO  o.e.m.c.i.embedder.EclipseLogger - Using 'UTF-8' encoding to copy filtered properties files.
2022-03-15 09:32:54,015 [Worker-147: Building] INFO  o.e.m.c.i.embedder.EclipseLogger - Copying 1 resource
2022-03-15 09:32:55,628 [Worker-147: Building] INFO  o.e.m.c.i.embedder.EclipseLogger - Copying 0 resource
2022-03-15 09:32:55,632 [Worker-147: Building] INFO  o.e.m.c.i.embedder.EclipseLogger - Using 'UTF-8' encoding to copy filtered resources.
2022-03-15 09:32:55,633 [Worker-147: Building] INFO  o.e.m.c.i.embedder.EclipseLogger - Using 'UTF-8' encoding to copy filtered properties files.
2022-03-15 09:32:55,633 [Worker-147: Building] INFO  o.e.m.c.i.embedder.EclipseLogger - skip non existing resourceDirectory C:\Trabalho\React + Spring\Backend\agencia\src\test\resources
2022-03-15 09:33:57,521 [Worker-145: Building] INFO  o.e.m.c.i.embedder.EclipseLogger - Using 'UTF-8' encoding to copy filtered resources.
2022-03-15 09:33:57,522 [Worker-145: Building] INFO  o.e.m.c.i.embedder.EclipseLogger - Using 'UTF-8' encoding to copy filtered properties files.
2022-03-15 09:33:57,525 [Worker-145: Building] INFO  o.e.m.c.i.embedder.EclipseLogger - Copying 1 resource
2022-03-15 09:33:57,624 [Worker-145: Building] INFO  o.e.m.c.i.embedder.EclipseLogger - Copying 0 resource
2022-03-15 09:33:57,630 [Worker-145: Building] INFO  o.e.m.c.i.embedder.EclipseLogger - Using 'UTF-8' encoding to copy filtered resources.
2022-03-15 09:33:57,630 [Worker-145: Building] INFO  o.e.m.c.i.embedder.EclipseLogger - Using 'UTF-8' encoding to copy filtered properties files.
2022-03-15 09:33:57,631 [Worker-145: Building] INFO  o.e.m.c.i.embedder.EclipseLogger - skip non existing resourceDirectory C:\Trabalho\React + Spring\Backend\agencia\src\test\resources
2022-03-15 09:46:27,821 [Worker-151: Building] INFO  o.e.m.c.i.embedder.EclipseLogger - Using 'UTF-8' encoding to copy filtered resources.
2022-03-15 09:46:27,832 [Worker-151: Building] INFO  o.e.m.c.i.embedder.EclipseLogger - Using 'UTF-8' encoding to copy filtered properties files.
2022-03-15 09:46:27,836 [Worker-151: Building] INFO  o.e.m.c.i.embedder.EclipseLogger - Copying 1 resource
2022-03-15 09:46:27,877 [Worker-151: Building] INFO  o.e.m.c.i.embedder.EclipseLogger - Copying 0 resource
2022-03-15 09:46:27,897 [Worker-151: Building] INFO  o.e.m.c.i.embedder.EclipseLogger - Using 'UTF-8' encoding to copy filtered resources.
2022-03-15 09:46:27,897 [Worker-151: Building] INFO  o.e.m.c.i.embedder.EclipseLogger - Using 'UTF-8' encoding to copy filtered properties files.
2022-03-15 09:46:27,897 [Worker-151: Building] INFO  o.e.m.c.i.embedder.EclipseLogger - skip non existing resourceDirectory C:\Trabalho\React + Spring\Backend\agencia\src\test\resources
2022-03-15 09:46:34,906 [Worker-153: Launching agencia - AgenciaApplication] INFO  o.e.m.c.i.embedder.EclipseLogger - Using 'UTF-8' encoding to copy filtered resources.
2022-03-15 09:46:34,906 [Worker-153: Launching agencia - AgenciaApplication] INFO  o.e.m.c.i.embedder.EclipseLogger - Using 'UTF-8' encoding to copy filtered properties files.
2022-03-15 09:46:34,910 [Worker-153: Launching agencia - AgenciaApplication] INFO  o.e.m.c.i.embedder.EclipseLogger - Copying 1 resource
2022-03-15 09:46:34,950 [Worker-153: Launching agencia - AgenciaApplication] INFO  o.e.m.c.i.embedder.EclipseLogger - Copying 0 resource
2022-03-15 09:46:34,954 [Worker-153: Launching agencia - AgenciaApplication] INFO  o.e.m.c.i.embedder.EclipseLogger - Using 'UTF-8' encoding to copy filtered resources.
2022-03-15 09:46:34,955 [Worker-153: Launching agencia - AgenciaApplication] INFO  o.e.m.c.i.embedder.EclipseLogger - Using 'UTF-8' encoding to copy filtered properties files.
2022-03-15 09:46:34,955 [Worker-153: Launching agencia - AgenciaApplication] INFO  o.e.m.c.i.embedder.EclipseLogger - skip non existing resourceDirectory C:\Trabalho\React + Spring\Backend\agencia\src\test\resources
2022-03-15 09:46:53,104 [Worker-155: Launching agencia - AgenciaApplication] INFO  o.e.m.c.i.embedder.EclipseLogger - Using 'UTF-8' encoding to copy filtered resources.
2022-03-15 09:46:53,105 [Worker-155: Launching agencia - AgenciaApplication] INFO  o.e.m.c.i.embedder.EclipseLogger - Using 'UTF-8' encoding to copy filtered properties files.
2022-03-15 09:46:53,107 [Worker-155: Launching agencia - AgenciaApplication] INFO  o.e.m.c.i.embedder.EclipseLogger - Copying 1 resource
2022-03-15 09:46:53,425 [Worker-155: Launching agencia - AgenciaApplication] INFO  o.e.m.c.i.embedder.EclipseLogger - Copying 0 resource
2022-03-15 09:46:53,428 [Worker-155: Launching agencia - AgenciaApplication] INFO  o.e.m.c.i.embedder.EclipseLogger - Using 'UTF-8' encoding to copy filtered resources.
2022-03-15 09:46:53,428 [Worker-155: Launching agencia - AgenciaApplication] INFO  o.e.m.c.i.embedder.EclipseLogger - Using 'UTF-8' encoding to copy filtered properties files.
2022-03-15 09:46:53,428 [Worker-155: Launching agencia - AgenciaApplication] INFO  o.e.m.c.i.embedder.EclipseLogger - skip non existing resourceDirectory C:\Trabalho\React + Spring\Backend\agencia\src\test\resources
2022-03-16 05:37:02,084 [Worker-279: Building] INFO  o.e.m.c.i.embedder.EclipseLogger - Using 'UTF-8' encoding to copy filtered resources.
2022-03-16 05:37:02,105 [Worker-279: Building] INFO  o.e.m.c.i.embedder.EclipseLogger - Using 'UTF-8' encoding to copy filtered properties files.
2022-03-16 05:37:02,122 [Worker-279: Building] INFO  o.e.m.c.i.embedder.EclipseLogger - Copying 1 resource
2022-03-16 05:37:04,951 [Worker-279: Building] INFO  o.e.m.c.i.embedder.EclipseLogger - Copying 0 resource
2022-03-16 05:37:04,961 [Worker-279: Building] INFO  o.e.m.c.i.embedder.EclipseLogger - Using 'UTF-8' encoding to copy filtered resources.
2022-03-16 05:37:04,961 [Worker-279: Building] INFO  o.e.m.c.i.embedder.EclipseLogger - Using 'UTF-8' encoding to copy filtered properties files.
2022-03-16 05:37:04,961 [Worker-279: Building] INFO  o.e.m.c.i.embedder.EclipseLogger - skip non existing resourceDirectory C:\Trabalho\React + Spring\Backend\agencia\src\test\resources
2022-03-16 05:38:34,656 [Worker-283: Launching agencia - AgenciaApplication] INFO  o.e.m.c.i.embedder.EclipseLogger - Using 'UTF-8' encoding to copy filtered resources.
2022-03-16 05:38:34,657 [Worker-283: Launching agencia - AgenciaApplication] INFO  o.e.m.c.i.embedder.EclipseLogger - Using 'UTF-8' encoding to copy filtered properties files.
2022-03-16 05:38:34,659 [Worker-283: Launching agencia - AgenciaApplication] INFO  o.e.m.c.i.embedder.EclipseLogger - Copying 1 resource
2022-03-16 05:38:34,780 [Worker-283: Launching agencia - AgenciaApplication] INFO  o.e.m.c.i.embedder.EclipseLogger - Copying 0 resource
2022-03-16 05:38:34,784 [Worker-283: Launching agencia - AgenciaApplication] INFO  o.e.m.c.i.embedder.EclipseLogger - Using 'UTF-8' encoding to copy filtered resources.
2022-03-16 05:38:34,784 [Worker-283: Launching agencia - AgenciaApplication] INFO  o.e.m.c.i.embedder.EclipseLogger - Using 'UTF-8' encoding to copy filtered properties files.
2022-03-16 05:38:34,784 [Worker-283: Launching agencia - AgenciaApplication] INFO  o.e.m.c.i.embedder.EclipseLogger - skip non existing resourceDirectory C:\Trabalho\React + Spring\Backend\agencia\src\test\resources
2022-03-16 08:52:16,925 [Worker-311: Building] INFO  o.e.m.c.i.embedder.EclipseLogger - Using 'UTF-8' encoding to copy filtered resources.
2022-03-16 08:52:16,941 [Worker-311: Building] INFO  o.e.m.c.i.embedder.EclipseLogger - Using 'UTF-8' encoding to copy filtered properties files.
2022-03-16 08:52:16,951 [Worker-311: Building] INFO  o.e.m.c.i.embedder.EclipseLogger - Copying 1 resource
2022-03-16 08:52:17,097 [Worker-311: Building] INFO  o.e.m.c.i.embedder.EclipseLogger - Copying 0 resource
2022-03-16 08:52:17,102 [Worker-311: Building] INFO  o.e.m.c.i.embedder.EclipseLogger - Using 'UTF-8' encoding to copy filtered resources.
2022-03-16 08:52:17,103 [Worker-311: Building] INFO  o.e.m.c.i.embedder.EclipseLogger - Using 'UTF-8' encoding to copy filtered properties files.
2022-03-16 08:52:17,104 [Worker-311: Building] INFO  o.e.m.c.i.embedder.EclipseLogger - skip non existing resourceDirectory C:\Trabalho\React + Spring\Backend\agencia\src\test\resources
2022-03-16 08:54:08,140 [Worker-308: Launching agencia - AgenciaApplication] INFO  o.e.m.c.i.embedder.EclipseLogger - Using 'UTF-8' encoding to copy filtered resources.
2022-03-16 08:54:08,143 [Worker-308: Launching agencia - AgenciaApplication] INFO  o.e.m.c.i.embedder.EclipseLogger - Using 'UTF-8' encoding to copy filtered properties files.
2022-03-16 08:54:08,149 [Worker-308: Launching agencia - AgenciaApplication] INFO  o.e.m.c.i.embedder.EclipseLogger - Copying 1 resource
2022-03-16 08:54:08,275 [Worker-308: Launching agencia - AgenciaApplication] INFO  o.e.m.c.i.embedder.EclipseLogger - Copying 0 resource
2022-03-16 08:54:08,279 [Worker-308: Launching agencia - AgenciaApplication] INFO  o.e.m.c.i.embedder.EclipseLogger - Using 'UTF-8' encoding to copy filtered resources.
2022-03-16 08:54:08,279 [Worker-308: Launching agencia - AgenciaApplication] INFO  o.e.m.c.i.embedder.EclipseLogger - Using 'UTF-8' encoding to copy filtered properties files.
2022-03-16 08:54:08,279 [Worker-308: Launching agencia - AgenciaApplication] INFO  o.e.m.c.i.embedder.EclipseLogger - skip non existing resourceDirectory C:\Trabalho\React + Spring\Backend\agencia\src\test\resources
2022-03-16 09:00:20,116 [Worker-308: Building] INFO  o.e.m.c.i.embedder.EclipseLogger - Using 'UTF-8' encoding to copy filtered resources.
2022-03-16 09:00:20,139 [Worker-308: Building] INFO  o.e.m.c.i.embedder.EclipseLogger - Using 'UTF-8' encoding to copy filtered properties files.
2022-03-16 09:00:20,156 [Worker-308: Building] INFO  o.e.m.c.i.embedder.EclipseLogger - Copying 1 resource
2022-03-16 09:00:20,233 [Worker-308: Building] INFO  o.e.m.c.i.embedder.EclipseLogger - Copying 0 resource
2022-03-16 09:00:20,271 [Worker-308: Building] INFO  o.e.m.c.i.embedder.EclipseLogger - Using 'UTF-8' encoding to copy filtered resources.
2022-03-16 09:00:20,271 [Worker-308: Building] INFO  o.e.m.c.i.embedder.EclipseLogger - Using 'UTF-8' encoding to copy filtered properties files.
2022-03-16 09:00:20,272 [Worker-308: Building] INFO  o.e.m.c.i.embedder.EclipseLogger - skip non existing resourceDirectory C:\Trabalho\React + Spring\Backend\agencia\src\test\resources
2022-03-16 09:06:33,456 [Worker-315: Building] INFO  o.e.m.c.i.embedder.EclipseLogger - Using 'UTF-8' encoding to copy filtered resources.
2022-03-16 09:06:33,457 [Worker-315: Building] INFO  o.e.m.c.i.embedder.EclipseLogger - Using 'UTF-8' encoding to copy filtered properties files.
2022-03-16 09:06:33,462 [Worker-315: Building] INFO  o.e.m.c.i.embedder.EclipseLogger - Copying 1 resource
2022-03-16 09:06:33,507 [Worker-315: Building] INFO  o.e.m.c.i.embedder.EclipseLogger - Copying 0 resource
2022-03-16 09:06:33,512 [Worker-315: Building] INFO  o.e.m.c.i.embedder.EclipseLogger - Using 'UTF-8' encoding to copy filtered resources.
2022-03-16 09:06:33,512 [Worker-315: Building] INFO  o.e.m.c.i.embedder.EclipseLogger - Using 'UTF-8' encoding to copy filtered properties files.
2022-03-16 09:06:33,512 [Worker-315: Building] INFO  o.e.m.c.i.embedder.EclipseLogger - skip non existing resourceDirectory C:\Trabalho\React + Spring\Backend\agencia\src\test\resources
2022-03-16 09:07:37,883 [Worker-317: Building Workspace] INFO  o.e.m.c.i.embedder.EclipseLogger - Using 'UTF-8' encoding to copy filtered resources.
2022-03-16 09:07:37,884 [Worker-317: Building Workspace] INFO  o.e.m.c.i.embedder.EclipseLogger - Using 'UTF-8' encoding to copy filtered properties files.
2022-03-16 09:07:37,887 [Worker-317: Building Workspace] INFO  o.e.m.c.i.embedder.EclipseLogger - Copying 1 resource
2022-03-16 09:07:37,912 [Worker-317: Building Workspace] INFO  o.e.m.c.i.embedder.EclipseLogger - Copying 0 resource
2022-03-16 09:07:37,922 [Worker-317: Building Workspace] INFO  o.e.m.c.i.embedder.EclipseLogger - Using 'UTF-8' encoding to copy filtered resources.
2022-03-16 09:07:37,923 [Worker-317: Building Workspace] INFO  o.e.m.c.i.embedder.EclipseLogger - Using 'UTF-8' encoding to copy filtered properties files.
2022-03-16 09:07:37,923 [Worker-317: Building Workspace] INFO  o.e.m.c.i.embedder.EclipseLogger - skip non existing resourceDirectory C:\Trabalho\React + Spring\Backend\agencia\src\test\resources
2022-03-16 09:09:26,979 [Worker-318: Building] INFO  o.e.m.c.i.embedder.EclipseLogger - Using 'UTF-8' encoding to copy filtered resources.
2022-03-16 09:09:26,979 [Worker-318: Building] INFO  o.e.m.c.i.embedder.EclipseLogger - Using 'UTF-8' encoding to copy filtered properties files.
2022-03-16 09:09:26,982 [Worker-318: Building] INFO  o.e.m.c.i.embedder.EclipseLogger - Copying 1 resource
2022-03-16 09:09:27,136 [Worker-318: Building] INFO  o.e.m.c.i.embedder.EclipseLogger - Copying 0 resource
2022-03-16 09:09:27,138 [Worker-318: Building] INFO  o.e.m.c.i.embedder.EclipseLogger - Using 'UTF-8' encoding to copy filtered resources.
2022-03-16 09:09:27,138 [Worker-318: Building] INFO  o.e.m.c.i.embedder.EclipseLogger - Using 'UTF-8' encoding to copy filtered properties files.
2022-03-16 09:09:27,139 [Worker-318: Building] INFO  o.e.m.c.i.embedder.EclipseLogger - skip non existing resourceDirectory C:\Trabalho\React + Spring\Backend\agencia\src\test\resources
2022-03-16 09:11:05,105 [Worker-318: Building] INFO  o.e.m.c.i.embedder.EclipseLogger - Using 'UTF-8' encoding to copy filtered resources.
2022-03-16 09:11:05,106 [Worker-318: Building] INFO  o.e.m.c.i.embedder.EclipseLogger - Using 'UTF-8' encoding to copy filtered properties files.
2022-03-16 09:11:05,132 [Worker-318: Building] INFO  o.e.m.c.i.embedder.EclipseLogger - Copying 1 resource
2022-03-16 09:11:05,179 [Worker-318: Building] INFO  o.e.m.c.i.embedder.EclipseLogger - Copying 0 resource
2022-03-16 09:11:05,182 [Worker-318: Building] INFO  o.e.m.c.i.embedder.EclipseLogger - Using 'UTF-8' encoding to copy filtered resources.
2022-03-16 09:11:05,182 [Worker-318: Building] INFO  o.e.m.c.i.embedder.EclipseLogger - Using 'UTF-8' encoding to copy filtered properties files.
2022-03-16 09:11:05,183 [Worker-318: Building] INFO  o.e.m.c.i.embedder.EclipseLogger - skip non existing resourceDirectory C:\Trabalho\React + Spring\Backend\agencia\src\test\resources
2022-03-16 12:58:50,850 [Worker-349: Launching agencia - AgenciaApplication] INFO  o.e.m.c.i.embedder.EclipseLogger - Using 'UTF-8' encoding to copy filtered resources.
2022-03-16 12:58:50,856 [Worker-349: Launching agencia - AgenciaApplication] INFO  o.e.m.c.i.embedder.EclipseLogger - Using 'UTF-8' encoding to copy filtered properties files.
2022-03-16 12:58:50,859 [Worker-349: Launching agencia - AgenciaApplication] INFO  o.e.m.c.i.embedder.EclipseLogger - Copying 1 resource
2022-03-16 12:58:51,320 [Worker-349: Launching agencia - AgenciaApplication] INFO  o.e.m.c.i.embedder.EclipseLogger - Copying 0 resource
2022-03-16 12:58:51,324 [Worker-349: Launching agencia - AgenciaApplication] INFO  o.e.m.c.i.embedder.EclipseLogger - Using 'UTF-8' encoding to copy filtered resources.
2022-03-16 12:58:51,324 [Worker-349: Launching agencia - AgenciaApplication] INFO  o.e.m.c.i.embedder.EclipseLogger - Using 'UTF-8' encoding to copy filtered properties files.
2022-03-16 12:58:51,324 [Worker-349: Launching agencia - AgenciaApplication] INFO  o.e.m.c.i.embedder.EclipseLogger - skip non existing resourceDirectory C:\Trabalho\React + Spring\Backend\agencia\src\test\resources
2022-03-16 13:01:32,951 [Worker-303: Launching agencia - AgenciaApplication] INFO  o.e.m.c.i.embedder.EclipseLogger - Using 'UTF-8' encoding to copy filtered resources.
2022-03-16 13:01:32,952 [Worker-303: Launching agencia - AgenciaApplication] INFO  o.e.m.c.i.embedder.EclipseLogger - Using 'UTF-8' encoding to copy filtered properties files.
2022-03-16 13:01:32,956 [Worker-303: Launching agencia - AgenciaApplication] INFO  o.e.m.c.i.embedder.EclipseLogger - Copying 1 resource
2022-03-16 13:01:33,041 [Worker-303: Launching agencia - AgenciaApplication] INFO  o.e.m.c.i.embedder.EclipseLogger - Copying 0 resource
2022-03-16 13:01:33,046 [Worker-303: Launching agencia - AgenciaApplication] INFO  o.e.m.c.i.embedder.EclipseLogger - Using 'UTF-8' encoding to copy filtered resources.
2022-03-16 13:01:33,046 [Worker-303: Launching agencia - AgenciaApplication] INFO  o.e.m.c.i.embedder.EclipseLogger - Using 'UTF-8' encoding to copy filtered properties files.
2022-03-16 13:01:33,046 [Worker-303: Launching agencia - AgenciaApplication] INFO  o.e.m.c.i.embedder.EclipseLogger - skip non existing resourceDirectory C:\Trabalho\React + Spring\Backend\agencia\src\test\resources
2022-03-16 13:02:50,908 [Worker-350: Building] INFO  o.e.m.c.i.embedder.EclipseLogger - Using 'UTF-8' encoding to copy filtered resources.
2022-03-16 13:02:50,909 [Worker-350: Building] INFO  o.e.m.c.i.embedder.EclipseLogger - Using 'UTF-8' encoding to copy filtered properties files.
2022-03-16 13:02:50,911 [Worker-350: Building] INFO  o.e.m.c.i.embedder.EclipseLogger - Copying 1 resource
2022-03-16 13:02:51,047 [Worker-350: Building] INFO  o.e.m.c.i.embedder.EclipseLogger - Copying 0 resource
2022-03-16 13:02:51,053 [Worker-350: Building] INFO  o.e.m.c.i.embedder.EclipseLogger - Using 'UTF-8' encoding to copy filtered resources.
2022-03-16 13:02:51,053 [Worker-350: Building] INFO  o.e.m.c.i.embedder.EclipseLogger - Using 'UTF-8' encoding to copy filtered properties files.
2022-03-16 13:02:51,054 [Worker-350: Building] INFO  o.e.m.c.i.embedder.EclipseLogger - skip non existing resourceDirectory C:\Trabalho\React + Spring\Backend\agencia\src\test\resources
2022-03-16 13:23:41,209 [Worker-350: Building] INFO  o.e.m.c.i.embedder.EclipseLogger - Using 'UTF-8' encoding to copy filtered resources.
2022-03-16 13:23:41,222 [Worker-350: Building] INFO  o.e.m.c.i.embedder.EclipseLogger - Using 'UTF-8' encoding to copy filtered properties files.
2022-03-16 13:23:41,228 [Worker-350: Building] INFO  o.e.m.c.i.embedder.EclipseLogger - Copying 1 resource
2022-03-16 13:23:41,667 [Worker-350: Building] INFO  o.e.m.c.i.embedder.EclipseLogger - Copying 0 resource
2022-03-16 13:23:41,678 [Worker-350: Building] INFO  o.e.m.c.i.embedder.EclipseLogger - Using 'UTF-8' encoding to copy filtered resources.
2022-03-16 13:23:41,678 [Worker-350: Building] INFO  o.e.m.c.i.embedder.EclipseLogger - Using 'UTF-8' encoding to copy filtered properties files.
2022-03-16 13:23:41,680 [Worker-350: Building] INFO  o.e.m.c.i.embedder.EclipseLogger - skip non existing resourceDirectory C:\Trabalho\React + Spring\Backend\agencia\src\test\resources
2022-03-16 17:54:23,261 [Worker-381: Building] INFO  o.e.m.c.i.embedder.EclipseLogger - Using 'UTF-8' encoding to copy filtered resources.
2022-03-16 17:54:23,301 [Worker-381: Building] INFO  o.e.m.c.i.embedder.EclipseLogger - Using 'UTF-8' encoding to copy filtered properties files.
2022-03-16 17:54:23,306 [Worker-381: Building] INFO  o.e.m.c.i.embedder.EclipseLogger - Copying 1 resource
2022-03-16 17:54:23,613 [Worker-381: Building] INFO  o.e.m.c.i.embedder.EclipseLogger - Copying 0 resource
2022-03-16 17:54:23,617 [Worker-381: Building] INFO  o.e.m.c.i.embedder.EclipseLogger - Using 'UTF-8' encoding to copy filtered resources.
2022-03-16 17:54:23,618 [Worker-381: Building] INFO  o.e.m.c.i.embedder.EclipseLogger - Using 'UTF-8' encoding to copy filtered properties files.
2022-03-16 17:54:23,618 [Worker-381: Building] INFO  o.e.m.c.i.embedder.EclipseLogger - skip non existing resourceDirectory C:\Trabalho\React + Spring\Backend\agencia\src\test\resources
2022-03-16 17:57:17,342 [Worker-390: Building] INFO  o.e.m.c.i.embedder.EclipseLogger - Using 'UTF-8' encoding to copy filtered resources.
2022-03-16 17:57:17,343 [Worker-390: Building] INFO  o.e.m.c.i.embedder.EclipseLogger - Using 'UTF-8' encoding to copy filtered properties files.
2022-03-16 17:57:17,348 [Worker-390: Building] INFO  o.e.m.c.i.embedder.EclipseLogger - Copying 1 resource
2022-03-16 17:57:17,527 [Worker-390: Building] INFO  o.e.m.c.i.embedder.EclipseLogger - Copying 0 resource
2022-03-16 17:57:17,533 [Worker-390: Building] INFO  o.e.m.c.i.embedder.EclipseLogger - Using 'UTF-8' encoding to copy filtered resources.
2022-03-16 17:57:17,533 [Worker-390: Building] INFO  o.e.m.c.i.embedder.EclipseLogger - Using 'UTF-8' encoding to copy filtered properties files.
2022-03-16 17:57:17,534 [Worker-390: Building] INFO  o.e.m.c.i.embedder.EclipseLogger - skip non existing resourceDirectory C:\Trabalho\React + Spring\Backend\agencia\src\test\resources
2022-03-16 18:03:10,731 [Worker-392: Building] INFO  o.e.m.c.i.embedder.EclipseLogger - Using 'UTF-8' encoding to copy filtered resources.
2022-03-16 18:03:10,757 [Worker-392: Building] INFO  o.e.m.c.i.embedder.EclipseLogger - Using 'UTF-8' encoding to copy filtered properties files.
2022-03-16 18:03:10,778 [Worker-392: Building] INFO  o.e.m.c.i.embedder.EclipseLogger - Copying 1 resource
2022-03-16 18:03:11,429 [Worker-392: Building] INFO  o.e.m.c.i.embedder.EclipseLogger - Copying 0 resource
2022-03-16 18:03:11,455 [Worker-392: Building] INFO  o.e.m.c.i.embedder.EclipseLogger - Using 'UTF-8' encoding to copy filtered resources.
2022-03-16 18:03:11,455 [Worker-392: Building] INFO  o.e.m.c.i.embedder.EclipseLogger - Using 'UTF-8' encoding to copy filtered properties files.
2022-03-16 18:03:11,455 [Worker-392: Building] INFO  o.e.m.c.i.embedder.EclipseLogger - skip non existing resourceDirectory C:\Trabalho\React + Spring\Backend\agencia\src\test\resources
2022-03-16 18:14:00,339 [Worker-393: Launching agencia - AgenciaApplication] INFO  o.e.m.c.i.embedder.EclipseLogger - Using 'UTF-8' encoding to copy filtered resources.
2022-03-16 18:14:00,349 [Worker-393: Launching agencia - AgenciaApplication] INFO  o.e.m.c.i.embedder.EclipseLogger - Using 'UTF-8' encoding to copy filtered properties files.
2022-03-16 18:14:00,357 [Worker-393: Launching agencia - AgenciaApplication] INFO  o.e.m.c.i.embedder.EclipseLogger - Copying 1 resource
2022-03-16 18:14:00,490 [Worker-393: Launching agencia - AgenciaApplication] INFO  o.e.m.c.i.embedder.EclipseLogger - Copying 0 resource
2022-03-16 18:14:00,494 [Worker-393: Launching agencia - AgenciaApplication] INFO  o.e.m.c.i.embedder.EclipseLogger - Using 'UTF-8' encoding to copy filtered resources.
2022-03-16 18:14:00,494 [Worker-393: Launching agencia - AgenciaApplication] INFO  o.e.m.c.i.embedder.EclipseLogger - Using 'UTF-8' encoding to copy filtered properties files.
2022-03-16 18:14:00,495 [Worker-393: Launching agencia - AgenciaApplication] INFO  o.e.m.c.i.embedder.EclipseLogger - skip non existing resourceDirectory C:\Trabalho\React + Spring\Backend\agencia\src\test\resources
2022-03-16 18:25:39,027 [Worker-404: Building] INFO  o.e.m.c.i.embedder.EclipseLogger - Using 'UTF-8' encoding to copy filtered resources.
2022-03-16 18:25:39,052 [Worker-404: Building] INFO  o.e.m.c.i.embedder.EclipseLogger - Using 'UTF-8' encoding to copy filtered properties files.
2022-03-16 18:25:39,065 [Worker-404: Building] INFO  o.e.m.c.i.embedder.EclipseLogger - Copying 1 resource
2022-03-16 18:25:39,243 [Worker-404: Building] INFO  o.e.m.c.i.embedder.EclipseLogger - Copying 0 resource
2022-03-16 18:25:39,258 [Worker-404: Building] INFO  o.e.m.c.i.embedder.EclipseLogger - Using 'UTF-8' encoding to copy filtered resources.
2022-03-16 18:25:39,259 [Worker-404: Building] INFO  o.e.m.c.i.embedder.EclipseLogger - Using 'UTF-8' encoding to copy filtered properties files.
2022-03-16 18:25:39,260 [Worker-404: Building] INFO  o.e.m.c.i.embedder.EclipseLogger - skip non existing resourceDirectory C:\Trabalho\React + Spring\Backend\agencia\src\test\resources
2022-03-16 18:30:19,726 [Worker-408: Building] INFO  o.e.m.c.i.embedder.EclipseLogger - Using 'UTF-8' encoding to copy filtered resources.
2022-03-16 18:30:19,740 [Worker-408: Building] INFO  o.e.m.c.i.embedder.EclipseLogger - Using 'UTF-8' encoding to copy filtered properties files.
2022-03-16 18:30:19,748 [Worker-408: Building] INFO  o.e.m.c.i.embedder.EclipseLogger - Copying 1 resource
2022-03-16 18:30:19,810 [Worker-408: Building] INFO  o.e.m.c.i.embedder.EclipseLogger - Copying 0 resource
2022-03-16 18:30:19,816 [Worker-408: Building] INFO  o.e.m.c.i.embedder.EclipseLogger - Using 'UTF-8' encoding to copy filtered resources.
2022-03-16 18:30:19,816 [Worker-408: Building] INFO  o.e.m.c.i.embedder.EclipseLogger - Using 'UTF-8' encoding to copy filtered properties files.
2022-03-16 18:30:19,816 [Worker-408: Building] INFO  o.e.m.c.i.embedder.EclipseLogger - skip non existing resourceDirectory C:\Trabalho\React + Spring\Backend\agencia\src\test\resources
2022-03-16 18:31:18,577 [Worker-408: Building] INFO  o.e.m.c.i.embedder.EclipseLogger - Using 'UTF-8' encoding to copy filtered resources.
2022-03-16 18:31:18,577 [Worker-408: Building] INFO  o.e.m.c.i.embedder.EclipseLogger - Using 'UTF-8' encoding to copy filtered properties files.
2022-03-16 18:31:18,581 [Worker-408: Building] INFO  o.e.m.c.i.embedder.EclipseLogger - Copying 1 resource
2022-03-16 18:31:18,997 [Worker-408: Building] INFO  o.e.m.c.i.embedder.EclipseLogger - Copying 0 resource
2022-03-16 18:31:19,000 [Worker-408: Building] INFO  o.e.m.c.i.embedder.EclipseLogger - Using 'UTF-8' encoding to copy filtered resources.
2022-03-16 18:31:19,001 [Worker-408: Building] INFO  o.e.m.c.i.embedder.EclipseLogger - Using 'UTF-8' encoding to copy filtered properties files.
2022-03-16 18:31:19,001 [Worker-408: Building] INFO  o.e.m.c.i.embedder.EclipseLogger - skip non existing resourceDirectory C:\Trabalho\React + Spring\Backend\agencia\src\test\resources
2022-03-16 18:34:02,572 [Worker-410: Building] INFO  o.e.m.c.i.embedder.EclipseLogger - Using 'UTF-8' encoding to copy filtered resources.
2022-03-16 18:34:02,582 [Worker-410: Building] INFO  o.e.m.c.i.embedder.EclipseLogger - Using 'UTF-8' encoding to copy filtered properties files.
2022-03-16 18:34:02,594 [Worker-410: Building] INFO  o.e.m.c.i.embedder.EclipseLogger - Copying 1 resource
2022-03-16 18:34:02,912 [Worker-410: Building] INFO  o.e.m.c.i.embedder.EclipseLogger - Copying 0 resource
2022-03-16 18:34:03,034 [Worker-410: Building] INFO  o.e.m.c.i.embedder.EclipseLogger - Using 'UTF-8' encoding to copy filtered resources.
2022-03-16 18:34:03,034 [Worker-410: Building] INFO  o.e.m.c.i.embedder.EclipseLogger - Using 'UTF-8' encoding to copy filtered properties files.
2022-03-16 18:34:03,035 [Worker-410: Building] INFO  o.e.m.c.i.embedder.EclipseLogger - skip non existing resourceDirectory C:\Trabalho\React + Spring\Backend\agencia\src\test\resources
2022-03-16 18:35:21,982 [Worker-397: Building] INFO  o.e.m.c.i.embedder.EclipseLogger - Using 'UTF-8' encoding to copy filtered resources.
2022-03-16 18:35:21,996 [Worker-397: Building] INFO  o.e.m.c.i.embedder.EclipseLogger - Using 'UTF-8' encoding to copy filtered properties files.
2022-03-16 18:35:22,003 [Worker-397: Building] INFO  o.e.m.c.i.embedder.EclipseLogger - Copying 1 resource
2022-03-16 18:35:22,216 [Worker-397: Building] INFO  o.e.m.c.i.embedder.EclipseLogger - Copying 0 resource
2022-03-16 18:35:22,224 [Worker-397: Building] INFO  o.e.m.c.i.embedder.EclipseLogger - Using 'UTF-8' encoding to copy filtered resources.
2022-03-16 18:35:22,224 [Worker-397: Building] INFO  o.e.m.c.i.embedder.EclipseLogger - Using 'UTF-8' encoding to copy filtered properties files.
2022-03-16 18:35:22,224 [Worker-397: Building] INFO  o.e.m.c.i.embedder.EclipseLogger - skip non existing resourceDirectory C:\Trabalho\React + Spring\Backend\agencia\src\test\resources
2022-03-16 18:35:30,875 [Worker-408: Building] INFO  o.e.m.c.i.embedder.EclipseLogger - Using 'UTF-8' encoding to copy filtered resources.
2022-03-16 18:35:30,876 [Worker-408: Building] INFO  o.e.m.c.i.embedder.EclipseLogger - Using 'UTF-8' encoding to copy filtered properties files.
2022-03-16 18:35:30,880 [Worker-408: Building] INFO  o.e.m.c.i.embedder.EclipseLogger - Copying 1 resource
2022-03-16 18:35:30,891 [Worker-408: Building] INFO  o.e.m.c.i.embedder.EclipseLogger - Copying 0 resource
2022-03-16 18:35:30,895 [Worker-408: Building] INFO  o.e.m.c.i.embedder.EclipseLogger - Using 'UTF-8' encoding to copy filtered resources.
2022-03-16 18:35:30,895 [Worker-408: Building] INFO  o.e.m.c.i.embedder.EclipseLogger - Using 'UTF-8' encoding to copy filtered properties files.
2022-03-16 18:35:30,895 [Worker-408: Building] INFO  o.e.m.c.i.embedder.EclipseLogger - skip non existing resourceDirectory C:\Trabalho\React + Spring\Backend\agencia\src\test\resources
2022-03-16 18:36:24,323 [Worker-411: Building] INFO  o.e.m.c.i.embedder.EclipseLogger - Using 'UTF-8' encoding to copy filtered resources.
2022-03-16 18:36:24,327 [Worker-411: Building] INFO  o.e.m.c.i.embedder.EclipseLogger - Using 'UTF-8' encoding to copy filtered properties files.
2022-03-16 18:36:24,329 [Worker-411: Building] INFO  o.e.m.c.i.embedder.EclipseLogger - Copying 1 resource
2022-03-16 18:36:24,341 [Worker-411: Building] INFO  o.e.m.c.i.embedder.EclipseLogger - Copying 0 resource
2022-03-16 18:36:24,344 [Worker-411: Building] INFO  o.e.m.c.i.embedder.EclipseLogger - Using 'UTF-8' encoding to copy filtered resources.
2022-03-16 18:36:24,345 [Worker-411: Building] INFO  o.e.m.c.i.embedder.EclipseLogger - Using 'UTF-8' encoding to copy filtered properties files.
2022-03-16 18:36:24,345 [Worker-411: Building] INFO  o.e.m.c.i.embedder.EclipseLogger - skip non existing resourceDirectory C:\Trabalho\React + Spring\Backend\agencia\src\test\resources
2022-03-16 18:41:36,243 [Worker-412: Building] INFO  o.e.m.c.i.embedder.EclipseLogger - Using 'UTF-8' encoding to copy filtered resources.
2022-03-16 18:41:36,252 [Worker-412: Building] INFO  o.e.m.c.i.embedder.EclipseLogger - Using 'UTF-8' encoding to copy filtered properties files.
2022-03-16 18:41:36,257 [Worker-412: Building] INFO  o.e.m.c.i.embedder.EclipseLogger - Copying 1 resource
2022-03-16 18:41:36,557 [Worker-412: Building] INFO  o.e.m.c.i.embedder.EclipseLogger - Copying 0 resource
2022-03-16 18:41:36,561 [Worker-412: Building] INFO  o.e.m.c.i.embedder.EclipseLogger - Using 'UTF-8' encoding to copy filtered resources.
2022-03-16 18:41:36,561 [Worker-412: Building] INFO  o.e.m.c.i.embedder.EclipseLogger - Using 'UTF-8' encoding to copy filtered properties files.
2022-03-16 18:41:36,561 [Worker-412: Building] INFO  o.e.m.c.i.embedder.EclipseLogger - skip non existing resourceDirectory C:\Trabalho\React + Spring\Backend\agencia\src\test\resources
2022-03-17 03:26:13,222 [Worker-475: Launching agencia - AgenciaApplication] INFO  o.e.m.c.i.embedder.EclipseLogger - Using 'UTF-8' encoding to copy filtered resources.
2022-03-17 03:26:13,248 [Worker-475: Launching agencia - AgenciaApplication] INFO  o.e.m.c.i.embedder.EclipseLogger - Using 'UTF-8' encoding to copy filtered properties files.
2022-03-17 03:26:13,264 [Worker-475: Launching agencia - AgenciaApplication] INFO  o.e.m.c.i.embedder.EclipseLogger - Copying 1 resource
2022-03-17 03:26:14,219 [Worker-475: Launching agencia - AgenciaApplication] INFO  o.e.m.c.i.embedder.EclipseLogger - Copying 0 resource
2022-03-17 03:26:14,234 [Worker-475: Launching agencia - AgenciaApplication] INFO  o.e.m.c.i.embedder.EclipseLogger - Using 'UTF-8' encoding to copy filtered resources.
2022-03-17 03:26:14,235 [Worker-475: Launching agencia - AgenciaApplication] INFO  o.e.m.c.i.embedder.EclipseLogger - Using 'UTF-8' encoding to copy filtered properties files.
2022-03-17 03:26:14,236 [Worker-475: Launching agencia - AgenciaApplication] INFO  o.e.m.c.i.embedder.EclipseLogger - skip non existing resourceDirectory C:\Trabalho\React + Spring\Backend\agencia\src\test\resources
2022-03-18 17:22:11,322 [Worker-756: Building] INFO  o.e.m.c.i.embedder.EclipseLogger - Using 'UTF-8' encoding to copy filtered resources.
2022-03-18 17:22:11,343 [Worker-756: Building] INFO  o.e.m.c.i.embedder.EclipseLogger - Using 'UTF-8' encoding to copy filtered properties files.
2022-03-18 17:22:11,356 [Worker-756: Building] INFO  o.e.m.c.i.embedder.EclipseLogger - Copying 1 resource
2022-03-18 17:22:11,496 [Worker-756: Building] INFO  o.e.m.c.i.embedder.EclipseLogger - Copying 0 resource
2022-03-18 17:22:11,504 [Worker-756: Building] INFO  o.e.m.c.i.embedder.EclipseLogger - Using 'UTF-8' encoding to copy filtered resources.
2022-03-18 17:22:11,504 [Worker-756: Building] INFO  o.e.m.c.i.embedder.EclipseLogger - Using 'UTF-8' encoding to copy filtered properties files.
2022-03-18 17:22:11,505 [Worker-756: Building] INFO  o.e.m.c.i.embedder.EclipseLogger - skip non existing resourceDirectory C:\Trabalho\React + Spring\Backend\agencia\src\test\resources
2022-03-18 18:10:20,047 [Worker-763: Building] INFO  o.e.m.c.i.embedder.EclipseLogger - Using 'UTF-8' encoding to copy filtered resources.
2022-03-18 18:10:20,052 [Worker-763: Building] INFO  o.e.m.c.i.embedder.EclipseLogger - Using 'UTF-8' encoding to copy filtered properties files.
2022-03-18 18:10:20,056 [Worker-763: Building] INFO  o.e.m.c.i.embedder.EclipseLogger - Copying 1 resource
2022-03-18 18:10:20,329 [Worker-763: Building] INFO  o.e.m.c.i.embedder.EclipseLogger - Copying 0 resource
2022-03-18 18:10:20,332 [Worker-763: Building] INFO  o.e.m.c.i.embedder.EclipseLogger - Using 'UTF-8' encoding to copy filtered resources.
2022-03-18 18:10:20,332 [Worker-763: Building] INFO  o.e.m.c.i.embedder.EclipseLogger - Using 'UTF-8' encoding to copy filtered properties files.
2022-03-18 18:10:20,332 [Worker-763: Building] INFO  o.e.m.c.i.embedder.EclipseLogger - skip non existing resourceDirectory C:\Trabalho\React + Spring\Backend\agencia\src\test\resources
2022-03-18 18:57:29,493 [Worker-772: Building] INFO  o.e.m.c.i.embedder.EclipseLogger - Using 'UTF-8' encoding to copy filtered resources.
2022-03-18 18:57:29,497 [Worker-772: Building] INFO  o.e.m.c.i.embedder.EclipseLogger - Using 'UTF-8' encoding to copy filtered properties files.
2022-03-18 18:57:29,509 [Worker-772: Building] INFO  o.e.m.c.i.embedder.EclipseLogger - Copying 1 resource
2022-03-18 18:57:29,766 [Worker-772: Building] INFO  o.e.m.c.i.embedder.EclipseLogger - Copying 0 resource
2022-03-18 18:57:29,769 [Worker-772: Building] INFO  o.e.m.c.i.embedder.EclipseLogger - Using 'UTF-8' encoding to copy filtered resources.
2022-03-18 18:57:29,769 [Worker-772: Building] INFO  o.e.m.c.i.embedder.EclipseLogger - Using 'UTF-8' encoding to copy filtered properties files.
2022-03-18 18:57:29,770 [Worker-772: Building] INFO  o.e.m.c.i.embedder.EclipseLogger - skip non existing resourceDirectory C:\Trabalho\React + Spring\Backend\agencia\src\test\resources
2022-03-18 19:01:01,361 [Worker-776: Building] INFO  o.e.m.c.i.embedder.EclipseLogger - Using 'UTF-8' encoding to copy filtered resources.
2022-03-18 19:01:01,361 [Worker-776: Building] INFO  o.e.m.c.i.embedder.EclipseLogger - Using 'UTF-8' encoding to copy filtered properties files.
2022-03-18 19:01:01,364 [Worker-776: Building] INFO  o.e.m.c.i.embedder.EclipseLogger - Copying 1 resource
2022-03-18 19:01:01,390 [Worker-776: Building] INFO  o.e.m.c.i.embedder.EclipseLogger - Copying 0 resource
2022-03-18 19:01:01,393 [Worker-776: Building] INFO  o.e.m.c.i.embedder.EclipseLogger - Using 'UTF-8' encoding to copy filtered resources.
2022-03-18 19:01:01,393 [Worker-776: Building] INFO  o.e.m.c.i.embedder.EclipseLogger - Using 'UTF-8' encoding to copy filtered properties files.
2022-03-18 19:01:01,393 [Worker-776: Building] INFO  o.e.m.c.i.embedder.EclipseLogger - skip non existing resourceDirectory C:\Trabalho\React + Spring\Backend\agencia\src\test\resources
2022-03-18 19:04:32,207 [Worker-776: Building] INFO  o.e.m.c.i.embedder.EclipseLogger - Using 'UTF-8' encoding to copy filtered resources.
2022-03-18 19:04:32,207 [Worker-776: Building] INFO  o.e.m.c.i.embedder.EclipseLogger - Using 'UTF-8' encoding to copy filtered properties files.
2022-03-18 19:04:32,210 [Worker-776: Building] INFO  o.e.m.c.i.embedder.EclipseLogger - Copying 1 resource
2022-03-18 19:04:32,240 [Worker-776: Building] INFO  o.e.m.c.i.embedder.EclipseLogger - Copying 0 resource
2022-03-18 19:04:32,253 [Worker-776: Building] INFO  o.e.m.c.i.embedder.EclipseLogger - Using 'UTF-8' encoding to copy filtered resources.
2022-03-18 19:04:32,253 [Worker-776: Building] INFO  o.e.m.c.i.embedder.EclipseLogger - Using 'UTF-8' encoding to copy filtered properties files.
2022-03-18 19:04:32,253 [Worker-776: Building] INFO  o.e.m.c.i.embedder.EclipseLogger - skip non existing resourceDirectory C:\Trabalho\React + Spring\Backend\agencia\src\test\resources
2022-03-18 19:04:36,075 [Worker-776: Building] INFO  o.e.m.c.i.embedder.EclipseLogger - Using 'UTF-8' encoding to copy filtered resources.
2022-03-18 19:04:36,075 [Worker-776: Building] INFO  o.e.m.c.i.embedder.EclipseLogger - Using 'UTF-8' encoding to copy filtered properties files.
2022-03-18 19:04:36,077 [Worker-776: Building] INFO  o.e.m.c.i.embedder.EclipseLogger - Copying 1 resource
2022-03-18 19:04:36,397 [Worker-776: Building] INFO  o.e.m.c.i.embedder.EclipseLogger - Copying 0 resource
2022-03-18 19:04:36,400 [Worker-776: Building] INFO  o.e.m.c.i.embedder.EclipseLogger - Using 'UTF-8' encoding to copy filtered resources.
2022-03-18 19:04:36,400 [Worker-776: Building] INFO  o.e.m.c.i.embedder.EclipseLogger - Using 'UTF-8' encoding to copy filtered properties files.
2022-03-18 19:04:36,400 [Worker-776: Building] INFO  o.e.m.c.i.embedder.EclipseLogger - skip non existing resourceDirectory C:\Trabalho\React + Spring\Backend\agencia\src\test\resources
2022-03-18 19:08:51,335 [Worker-780: Building] INFO  o.e.m.c.i.embedder.EclipseLogger - Using 'UTF-8' encoding to copy filtered resources.
2022-03-18 19:08:51,342 [Worker-780: Building] INFO  o.e.m.c.i.embedder.EclipseLogger - Using 'UTF-8' encoding to copy filtered properties files.
2022-03-18 19:08:51,348 [Worker-780: Building] INFO  o.e.m.c.i.embedder.EclipseLogger - Copying 1 resource
2022-03-18 19:08:51,431 [Worker-780: Building] INFO  o.e.m.c.i.embedder.EclipseLogger - Copying 0 resource
2022-03-18 19:08:51,435 [Worker-780: Building] INFO  o.e.m.c.i.embedder.EclipseLogger - Using 'UTF-8' encoding to copy filtered resources.
2022-03-18 19:08:51,435 [Worker-780: Building] INFO  o.e.m.c.i.embedder.EclipseLogger - Using 'UTF-8' encoding to copy filtered properties files.
2022-03-18 19:08:51,435 [Worker-780: Building] INFO  o.e.m.c.i.embedder.EclipseLogger - skip non existing resourceDirectory C:\Trabalho\React + Spring\Backend\agencia\src\test\resources
2022-03-18 19:08:53,733 [Worker-780: Building] INFO  o.e.m.c.i.embedder.EclipseLogger - Using 'UTF-8' encoding to copy filtered resources.
2022-03-18 19:08:53,734 [Worker-780: Building] INFO  o.e.m.c.i.embedder.EclipseLogger - Using 'UTF-8' encoding to copy filtered properties files.
2022-03-18 19:08:53,737 [Worker-780: Building] INFO  o.e.m.c.i.embedder.EclipseLogger - Copying 1 resource
2022-03-18 19:08:53,845 [Worker-780: Building] INFO  o.e.m.c.i.embedder.EclipseLogger - Copying 0 resource
2022-03-18 19:08:53,849 [Worker-780: Building] INFO  o.e.m.c.i.embedder.EclipseLogger - Using 'UTF-8' encoding to copy filtered resources.
2022-03-18 19:08:53,850 [Worker-780: Building] INFO  o.e.m.c.i.embedder.EclipseLogger - Using 'UTF-8' encoding to copy filtered properties files.
2022-03-18 19:08:53,850 [Worker-780: Building] INFO  o.e.m.c.i.embedder.EclipseLogger - skip non existing resourceDirectory C:\Trabalho\React + Spring\Backend\agencia\src\test\resources
2022-03-18 19:17:06,899 [Worker-772: Building] INFO  o.e.m.c.i.embedder.EclipseLogger - Using 'UTF-8' encoding to copy filtered resources.
2022-03-18 19:17:06,913 [Worker-772: Building] INFO  o.e.m.c.i.embedder.EclipseLogger - Using 'UTF-8' encoding to copy filtered properties files.
2022-03-18 19:17:06,925 [Worker-772: Building] INFO  o.e.m.c.i.embedder.EclipseLogger - Copying 1 resource
2022-03-18 19:17:06,980 [Worker-772: Building] INFO  o.e.m.c.i.embedder.EclipseLogger - Copying 0 resource
2022-03-18 19:17:06,988 [Worker-772: Building] INFO  o.e.m.c.i.embedder.EclipseLogger - Using 'UTF-8' encoding to copy filtered resources.
2022-03-18 19:17:06,988 [Worker-772: Building] INFO  o.e.m.c.i.embedder.EclipseLogger - Using 'UTF-8' encoding to copy filtered properties files.
2022-03-18 19:17:06,988 [Worker-772: Building] INFO  o.e.m.c.i.embedder.EclipseLogger - skip non existing resourceDirectory C:\Trabalho\React + Spring\Backend\agencia\src\test\resources
2022-03-18 19:22:14,572 [Worker-783: Building] INFO  o.e.m.c.i.embedder.EclipseLogger - Using 'UTF-8' encoding to copy filtered resources.
2022-03-18 19:22:14,598 [Worker-783: Building] INFO  o.e.m.c.i.embedder.EclipseLogger - Using 'UTF-8' encoding to copy filtered properties files.
2022-03-18 19:22:14,599 [Worker-783: Building] INFO  o.e.m.c.i.embedder.EclipseLogger - skip non existing resourceDirectory C:\Trabalho\React + Spring\Backend\bookstore\src\main\resources
2022-03-18 19:22:14,599 [Worker-783: Building] INFO  o.e.m.c.i.embedder.EclipseLogger - skip non existing resourceDirectory C:\Trabalho\React + Spring\Backend\bookstore\src\main\resources
2022-03-18 19:22:14,811 [Worker-783: Building] INFO  o.e.m.c.i.embedder.EclipseLogger - Using 'UTF-8' encoding to copy filtered resources.
2022-03-18 19:22:14,811 [Worker-783: Building] INFO  o.e.m.c.i.embedder.EclipseLogger - Using 'UTF-8' encoding to copy filtered properties files.
2022-03-18 19:22:14,811 [Worker-783: Building] INFO  o.e.m.c.i.embedder.EclipseLogger - skip non existing resourceDirectory C:\Trabalho\React + Spring\Backend\bookstore\src\test\resources
2022-03-18 20:24:33,838 [Worker-1: Loading available Gradle versions] INFO  o.e.b.c.i.u.g.PublishedGradleVersions - Gradle version information cache is out-of-date. Trying to update.
2022-03-18 20:27:02,182 [Worker-1: Loading available Gradle versions] INFO  o.e.b.c.i.u.g.PublishedGradleVersions - Gradle version information cache is up-to-date. Trying to read.
